2025-02-17 16:42:53 - HV000001: Hibernate Validator 8.0.1.Final
2025-02-17 16:42:53 - Starting FileStorageServiceApplication using Java 17.0.13 with PID 10127 (/Users/edakocaman/Downloads/FileStorageService/build/classes/java/main started by edakocaman in /Users/edakocaman/Downloads/FileStorageService)
2025-02-17 16:42:53 - Running with Spring Boot v3.2.2, Spring v6.1.3
2025-02-17 16:42:53 - No active profile set, falling back to 1 default profile: "default"
2025-02-17 16:42:53 - Bootstrapping Spring Data JPA repositories in DEFAULT mode.
2025-02-17 16:42:53 - Finished Spring Data repository scanning in 72 ms. Found 6 JPA repository interfaces.
2025-02-17 16:42:53 - Tomcat initialized with port 8080 (http)
2025-02-17 16:42:53 - Initializing ProtocolHandler ["http-nio-8080"]
2025-02-17 16:42:53 - Starting service [Tomcat]
2025-02-17 16:42:53 - Starting Servlet engine: [Apache Tomcat/10.1.18]
2025-02-17 16:42:53 - Initializing Spring embedded WebApplicationContext
2025-02-17 16:42:53 - Root WebApplicationContext: initialization completed in 595 ms
2025-02-17 16:42:53 - HHH000204: Processing PersistenceUnitInfo [name: default]
2025-02-17 16:42:53 - HHH000412: Hibernate ORM core version 6.4.1.Final
2025-02-17 16:42:53 - HHH000026: Second-level cache disabled
2025-02-17 16:42:53 - No LoadTimeWeaver setup: ignoring JPA class transformer
2025-02-17 16:42:53 - HikariPool-1 - Starting...
2025-02-17 16:42:53 - HikariPool-1 - Added connection org.postgresql.jdbc.PgConnection@182e4365
2025-02-17 16:42:53 - HikariPool-1 - Start completed.
2025-02-17 16:42:53 - HHH90000025: PostgreSQLDialect does not need to be specified explicitly using 'hibernate.dialect' (remove the property setting and it will be selected by default)
2025-02-17 16:42:54 - HHH000489: No JTA platform available (set 'hibernate.transaction.jta.platform' to enable JTA platform integration)
2025-02-17 16:42:54 - Initialized JPA EntityManagerFactory for persistence unit 'default'
2025-02-17 16:42:54 - FileUploadController loaded successfully.
2025-02-17 16:42:54 - spring.jpa.open-in-view is enabled by default. Therefore, database queries may be performed during view rendering. Explicitly configure spring.jpa.open-in-view to disable this warning
2025-02-17 16:42:54 - Starting ProtocolHandler ["http-nio-8080"]
2025-02-17 16:42:55 - Tomcat started on port 8080 (http) with context path ''
2025-02-17 16:42:55 - Started FileStorageServiceApplication in 2.132 seconds (process running for 2.275)
2025-02-17 16:43:44 - Initializing Spring DispatcherServlet 'dispatcherServlet'
2025-02-17 16:43:44 - Initializing Servlet 'dispatcherServlet'
2025-02-17 16:43:44 - Completed initialization in 3 ms
2025-02-17 16:43:44 - Init duration for springdoc-openapi is: 158 ms
2025-02-17 17:47:36 - Error creating user: Argument [CREATE_USER] of type [com.example.FileStorageService.enums.Roles] did not match parameter type [com.example.FileStorageService.model.Role (n/a)]
2025-02-17 17:48:07 - Error creating user: Argument [CREATE_USER] of type [com.example.FileStorageService.enums.Roles] did not match parameter type [com.example.FileStorageService.model.Role (n/a)]
2025-02-17 17:51:37 - Closing JPA EntityManagerFactory for persistence unit 'default'
2025-02-17 17:51:38 - HikariPool-1 - Shutdown initiated...
2025-02-17 17:51:38 - HikariPool-1 - Shutdown completed.
2025-02-17 17:51:41 - HV000001: Hibernate Validator 8.0.1.Final
2025-02-17 17:51:41 - Starting FileStorageServiceApplication using Java 17.0.13 with PID 12377 (/Users/edakocaman/Downloads/FileStorageService/build/classes/java/main started by edakocaman in /Users/edakocaman/Downloads/FileStorageService)
2025-02-17 17:51:41 - Running with Spring Boot v3.2.2, Spring v6.1.3
2025-02-17 17:51:41 - No active profile set, falling back to 1 default profile: "default"
2025-02-17 17:51:42 - Bootstrapping Spring Data JPA repositories in DEFAULT mode.
2025-02-17 17:51:42 - Finished Spring Data repository scanning in 70 ms. Found 6 JPA repository interfaces.
2025-02-17 17:51:42 - Tomcat initialized with port 8080 (http)
2025-02-17 17:51:42 - Initializing ProtocolHandler ["http-nio-8080"]
2025-02-17 17:51:42 - Starting service [Tomcat]
2025-02-17 17:51:42 - Starting Servlet engine: [Apache Tomcat/10.1.18]
2025-02-17 17:51:42 - Initializing Spring embedded WebApplicationContext
2025-02-17 17:51:42 - Root WebApplicationContext: initialization completed in 625 ms
2025-02-17 17:51:42 - HHH000204: Processing PersistenceUnitInfo [name: default]
2025-02-17 17:51:42 - HHH000412: Hibernate ORM core version 6.4.1.Final
2025-02-17 17:51:42 - HHH000026: Second-level cache disabled
2025-02-17 17:51:42 - No LoadTimeWeaver setup: ignoring JPA class transformer
2025-02-17 17:51:42 - HikariPool-1 - Starting...
2025-02-17 17:51:42 - HikariPool-1 - Added connection org.postgresql.jdbc.PgConnection@7db47323
2025-02-17 17:51:42 - HikariPool-1 - Start completed.
2025-02-17 17:51:42 - HHH90000025: PostgreSQLDialect does not need to be specified explicitly using 'hibernate.dialect' (remove the property setting and it will be selected by default)
2025-02-17 17:51:43 - HHH000489: No JTA platform available (set 'hibernate.transaction.jta.platform' to enable JTA platform integration)
2025-02-17 17:51:43 - Initialized JPA EntityManagerFactory for persistence unit 'default'
2025-02-17 17:51:43 - FileUploadController loaded successfully.
2025-02-17 17:51:43 - spring.jpa.open-in-view is enabled by default. Therefore, database queries may be performed during view rendering. Explicitly configure spring.jpa.open-in-view to disable this warning
2025-02-17 17:51:43 - Starting ProtocolHandler ["http-nio-8080"]
2025-02-17 17:51:43 - Tomcat started on port 8080 (http) with context path ''
2025-02-17 17:51:43 - Started FileStorageServiceApplication in 2.25 seconds (process running for 2.401)
2025-02-17 17:51:46 - Initializing Spring DispatcherServlet 'dispatcherServlet'
2025-02-17 17:51:46 - Initializing Servlet 'dispatcherServlet'
2025-02-17 17:51:46 - Completed initialization in 5 ms
2025-02-17 17:51:47 - Init duration for springdoc-openapi is: 146 ms
2025-02-17 17:52:10 - Error creating user: Argument [CREATE_USER] of type [com.example.FileStorageService.enums.Roles] did not match parameter type [com.example.FileStorageService.model.Role (n/a)]
2025-02-17 17:52:27 - Closing JPA EntityManagerFactory for persistence unit 'default'
2025-02-17 17:52:27 - HikariPool-1 - Shutdown initiated...
2025-02-17 17:52:27 - HikariPool-1 - Shutdown completed.
