2025-02-11 08:45:53 - HV000001: Hibernate Validator 8.0.1.Final
2025-02-11 08:45:53 - Starting FileStorageServiceApplication using Java 17.0.13 with PID 5485 (/Users/edakocaman/Downloads/FileStorageService/build/classes/java/main started by edakocaman in /Users/edakocaman/Downloads/FileStorageService)
2025-02-11 08:45:53 - Running with Spring Boot v3.2.2, Spring v6.1.3
2025-02-11 08:45:53 - No active profile set, falling back to 1 default profile: "default"
2025-02-11 08:45:53 - Bootstrapping Spring Data JPA repositories in DEFAULT mode.
2025-02-11 08:45:53 - Finished Spring Data repository scanning in 72 ms. Found 4 JPA repository interfaces.
2025-02-11 08:45:54 - Tomcat initialized with port 8080 (http)
2025-02-11 08:45:54 - Initializing ProtocolHandler ["http-nio-8080"]
2025-02-11 08:45:54 - Starting service [Tomcat]
2025-02-11 08:45:54 - Starting Servlet engine: [Apache Tomcat/10.1.18]
2025-02-11 08:45:54 - Initializing Spring embedded WebApplicationContext
2025-02-11 08:45:54 - Root WebApplicationContext: initialization completed in 596 ms
2025-02-11 08:45:54 - HHH000204: Processing PersistenceUnitInfo [name: default]
2025-02-11 08:45:54 - HHH000412: Hibernate ORM core version 6.4.1.Final
2025-02-11 08:45:54 - HHH000026: Second-level cache disabled
2025-02-11 08:45:54 - No LoadTimeWeaver setup: ignoring JPA class transformer
2025-02-11 08:45:54 - HikariPool-1 - Starting...
2025-02-11 08:45:54 - HikariPool-1 - Added connection org.postgresql.jdbc.PgConnection@53b7bf01
2025-02-11 08:45:54 - HikariPool-1 - Start completed.
2025-02-11 08:45:54 - HHH90000025: PostgreSQLDialect does not need to be specified explicitly using 'hibernate.dialect' (remove the property setting and it will be selected by default)
2025-02-11 08:45:54 - HHH000489: No JTA platform available (set 'hibernate.transaction.jta.platform' to enable JTA platform integration)
2025-02-11 08:45:54 - Initialized JPA EntityManagerFactory for persistence unit 'default'
2025-02-11 08:45:55 - FileUploadController loaded successfully.
2025-02-11 08:45:55 - spring.jpa.open-in-view is enabled by default. Therefore, database queries may be performed during view rendering. Explicitly configure spring.jpa.open-in-view to disable this warning
2025-02-11 08:45:55 - Starting ProtocolHandler ["http-nio-8080"]
2025-02-11 08:45:55 - Tomcat started on port 8080 (http) with context path ''
2025-02-11 08:45:55 - Started FileStorageServiceApplication in 2.071 seconds (process running for 2.224)
2025-02-11 08:46:09 - Initializing Spring DispatcherServlet 'dispatcherServlet'
2025-02-11 08:46:09 - Initializing Servlet 'dispatcherServlet'
2025-02-11 08:46:09 - Completed initialization in 9 ms
2025-02-11 08:46:09 - Failure in @ExceptionHandler com.example.FileStorageService.exception.GlobalExceptionHandler#handleException(Exception)
java.lang.NullPointerException: Cannot invoke "com.example.FileStorageService.model.User.getUuid()" because "performedBy" is null
	at com.example.FileStorageService.service.AuditLogService.saveAuditLog(AuditLogService.java:29)
	at com.example.FileStorageService.exception.GlobalExceptionHandler.handleException(GlobalExceptionHandler.java:32)
	at java.base/jdk.internal.reflect.NativeMethodAccessorImpl.invoke0(Native Method)
	at java.base/jdk.internal.reflect.NativeMethodAccessorImpl.invoke(NativeMethodAccessorImpl.java:77)
	at java.base/jdk.internal.reflect.DelegatingMethodAccessorImpl.invoke(DelegatingMethodAccessorImpl.java:43)
	at java.base/java.lang.reflect.Method.invoke(Method.java:569)
	at org.springframework.web.method.support.InvocableHandlerMethod.doInvoke(InvocableHandlerMethod.java:261)
	at org.springframework.web.method.support.InvocableHandlerMethod.invokeForRequest(InvocableHandlerMethod.java:189)
	at org.springframework.web.servlet.mvc.method.annotation.ServletInvocableHandlerMethod.invokeAndHandle(ServletInvocableHandlerMethod.java:118)
	at org.springframework.web.servlet.mvc.method.annotation.ExceptionHandlerExceptionResolver.doResolveHandlerMethodException(ExceptionHandlerExceptionResolver.java:432)
	at org.springframework.web.servlet.handler.AbstractHandlerMethodExceptionResolver.doResolveException(AbstractHandlerMethodExceptionResolver.java:74)
	at org.springframework.web.servlet.handler.AbstractHandlerExceptionResolver.resolveException(AbstractHandlerExceptionResolver.java:175)
	at org.springframework.web.servlet.handler.HandlerExceptionResolverComposite.resolveException(HandlerExceptionResolverComposite.java:80)
	at org.springframework.web.servlet.DispatcherServlet.processHandlerException(DispatcherServlet.java:1357)
	at org.springframework.web.servlet.DispatcherServlet.processDispatchResult(DispatcherServlet.java:1160)
	at org.springframework.web.servlet.DispatcherServlet.doDispatch(DispatcherServlet.java:1106)
	at org.springframework.web.servlet.DispatcherServlet.doService(DispatcherServlet.java:979)
	at org.springframework.web.servlet.FrameworkServlet.processRequest(FrameworkServlet.java:1014)
	at org.springframework.web.servlet.FrameworkServlet.doGet(FrameworkServlet.java:903)
	at jakarta.servlet.http.HttpServlet.service(HttpServlet.java:564)
	at org.springframework.web.servlet.FrameworkServlet.service(FrameworkServlet.java:885)
	at jakarta.servlet.http.HttpServlet.service(HttpServlet.java:658)
	at org.apache.catalina.core.ApplicationFilterChain.internalDoFilter(ApplicationFilterChain.java:205)
	at org.apache.catalina.core.ApplicationFilterChain.doFilter(ApplicationFilterChain.java:149)
	at org.apache.tomcat.websocket.server.WsFilter.doFilter(WsFilter.java:51)
	at org.apache.catalina.core.ApplicationFilterChain.internalDoFilter(ApplicationFilterChain.java:174)
	at org.apache.catalina.core.ApplicationFilterChain.doFilter(ApplicationFilterChain.java:149)
	at org.springframework.web.filter.RequestContextFilter.doFilterInternal(RequestContextFilter.java:100)
	at org.springframework.web.filter.OncePerRequestFilter.doFilter(OncePerRequestFilter.java:116)
	at org.apache.catalina.core.ApplicationFilterChain.internalDoFilter(ApplicationFilterChain.java:174)
	at org.apache.catalina.core.ApplicationFilterChain.doFilter(ApplicationFilterChain.java:149)
	at org.springframework.web.filter.FormContentFilter.doFilterInternal(FormContentFilter.java:93)
	at org.springframework.web.filter.OncePerRequestFilter.doFilter(OncePerRequestFilter.java:116)
	at org.apache.catalina.core.ApplicationFilterChain.internalDoFilter(ApplicationFilterChain.java:174)
	at org.apache.catalina.core.ApplicationFilterChain.doFilter(ApplicationFilterChain.java:149)
	at org.springframework.web.filter.CharacterEncodingFilter.doFilterInternal(CharacterEncodingFilter.java:201)
	at org.springframework.web.filter.OncePerRequestFilter.doFilter(OncePerRequestFilter.java:116)
	at org.apache.catalina.core.ApplicationFilterChain.internalDoFilter(ApplicationFilterChain.java:174)
	at org.apache.catalina.core.ApplicationFilterChain.doFilter(ApplicationFilterChain.java:149)
	at org.apache.catalina.core.StandardWrapperValve.invoke(StandardWrapperValve.java:167)
	at org.apache.catalina.core.StandardContextValve.invoke(StandardContextValve.java:90)
	at org.apache.catalina.authenticator.AuthenticatorBase.invoke(AuthenticatorBase.java:482)
	at org.apache.catalina.core.StandardHostValve.invoke(StandardHostValve.java:115)
	at org.apache.catalina.valves.ErrorReportValve.invoke(ErrorReportValve.java:93)
	at org.apache.catalina.core.StandardEngineValve.invoke(StandardEngineValve.java:74)
	at org.apache.catalina.connector.CoyoteAdapter.service(CoyoteAdapter.java:340)
	at org.apache.coyote.http11.Http11Processor.service(Http11Processor.java:391)
	at org.apache.coyote.AbstractProcessorLight.process(AbstractProcessorLight.java:63)
	at org.apache.coyote.AbstractProtocol$ConnectionHandler.process(AbstractProtocol.java:896)
	at org.apache.tomcat.util.net.NioEndpoint$SocketProcessor.doRun(NioEndpoint.java:1744)
	at org.apache.tomcat.util.net.SocketProcessorBase.run(SocketProcessorBase.java:52)
	at org.apache.tomcat.util.threads.ThreadPoolExecutor.runWorker(ThreadPoolExecutor.java:1191)
	at org.apache.tomcat.util.threads.ThreadPoolExecutor$Worker.run(ThreadPoolExecutor.java:659)
	at org.apache.tomcat.util.threads.TaskThread$WrappingRunnable.run(TaskThread.java:61)
	at java.base/java.lang.Thread.run(Thread.java:840)
2025-02-11 08:46:10 - Init duration for springdoc-openapi is: 134 ms
2025-02-11 08:47:20 - Source file path: /Users/edakocaman/Downloads/FileStorageService/upload-dir/test15/test16/test30.rtf
2025-02-11 08:47:20 - Target directory path: /Users/edakocaman/Downloads/FileStorageService/upload-dir/test12/test13/test14
2025-02-11 08:47:21 - File 9d411a62-1b54-49c2-b06e-1af20681ef17 moved to directory 55
2025-02-11 08:47:21 - File 9d411a62-1b54-49c2-b06e-1af20681ef17 moved to directory 55
2025-02-11 08:47:21 - File moved successfully!
2025-02-11 08:48:21 - Source file path: /Users/edakocaman/Downloads/FileStorageService/upload-dir/test26.rtf
2025-02-11 08:48:21 - Target directory path: /Users/edakocaman/Downloads/FileStorageService/upload-dir/test12/test13/test14
2025-02-11 08:48:21 - File cd3648ee-e611-4d86-ba05-5fbf097c6978 moved to directory 55
2025-02-11 08:48:21 - File cd3648ee-e611-4d86-ba05-5fbf097c6978 moved to directory 55
2025-02-11 08:48:21 - File moved successfully!
2025-02-11 08:57:26 - Closing JPA EntityManagerFactory for persistence unit 'default'
2025-02-11 08:57:26 - HikariPool-1 - Shutdown initiated...
2025-02-11 08:57:26 - HikariPool-1 - Shutdown completed.
2025-02-11 09:01:41 - HV000001: Hibernate Validator 8.0.1.Final
2025-02-11 09:01:41 - Starting FileStorageServiceApplication using Java 17.0.13 with PID 6103 (/Users/edakocaman/Downloads/FileStorageService/build/classes/java/main started by edakocaman in /Users/edakocaman/Downloads/FileStorageService)
2025-02-11 09:01:41 - Running with Spring Boot v3.2.2, Spring v6.1.3
2025-02-11 09:01:41 - No active profile set, falling back to 1 default profile: "default"
2025-02-11 09:01:41 - Bootstrapping Spring Data JPA repositories in DEFAULT mode.
2025-02-11 09:01:41 - Finished Spring Data repository scanning in 71 ms. Found 4 JPA repository interfaces.
2025-02-11 09:01:41 - Tomcat initialized with port 8080 (http)
2025-02-11 09:01:41 - Initializing ProtocolHandler ["http-nio-8080"]
2025-02-11 09:01:41 - Starting service [Tomcat]
2025-02-11 09:01:41 - Starting Servlet engine: [Apache Tomcat/10.1.18]
2025-02-11 09:01:41 - Initializing Spring embedded WebApplicationContext
2025-02-11 09:01:41 - Root WebApplicationContext: initialization completed in 604 ms
2025-02-11 09:01:42 - HHH000204: Processing PersistenceUnitInfo [name: default]
2025-02-11 09:01:42 - HHH000412: Hibernate ORM core version 6.4.1.Final
2025-02-11 09:01:42 - HHH000026: Second-level cache disabled
2025-02-11 09:01:42 - No LoadTimeWeaver setup: ignoring JPA class transformer
2025-02-11 09:01:42 - HikariPool-1 - Starting...
2025-02-11 09:01:42 - HikariPool-1 - Added connection org.postgresql.jdbc.PgConnection@6a6e9289
2025-02-11 09:01:42 - HikariPool-1 - Start completed.
2025-02-11 09:01:42 - HHH90000025: PostgreSQLDialect does not need to be specified explicitly using 'hibernate.dialect' (remove the property setting and it will be selected by default)
2025-02-11 09:01:42 - HHH000489: No JTA platform available (set 'hibernate.transaction.jta.platform' to enable JTA platform integration)
2025-02-11 09:01:42 - Initialized JPA EntityManagerFactory for persistence unit 'default'
2025-02-11 09:01:42 - FileUploadController loaded successfully.
2025-02-11 09:01:43 - spring.jpa.open-in-view is enabled by default. Therefore, database queries may be performed during view rendering. Explicitly configure spring.jpa.open-in-view to disable this warning
2025-02-11 09:01:43 - Starting ProtocolHandler ["http-nio-8080"]
2025-02-11 09:01:43 - Tomcat started on port 8080 (http) with context path ''
2025-02-11 09:01:43 - Started FileStorageServiceApplication in 2.096 seconds (process running for 2.244)
2025-02-11 09:01:44 - Initializing Spring DispatcherServlet 'dispatcherServlet'
2025-02-11 09:01:44 - Initializing Servlet 'dispatcherServlet'
2025-02-11 09:01:44 - Completed initialization in 1 ms
2025-02-11 09:01:44 - Init duration for springdoc-openapi is: 221 ms
2025-02-11 09:02:04 - Copy operation started. fileGuid: null, targetDirectoryGuid: null
2025-02-11 09:02:05 - Failure in @ExceptionHandler com.example.FileStorageService.exception.GlobalExceptionHandler#handleException(Exception)
java.lang.NullPointerException: Cannot invoke "com.example.FileStorageService.model.User.getUuid()" because "performedBy" is null
	at com.example.FileStorageService.service.AuditLogService.saveAuditLog(AuditLogService.java:29)
	at com.example.FileStorageService.exception.GlobalExceptionHandler.handleException(GlobalExceptionHandler.java:32)
	at java.base/jdk.internal.reflect.NativeMethodAccessorImpl.invoke0(Native Method)
	at java.base/jdk.internal.reflect.NativeMethodAccessorImpl.invoke(NativeMethodAccessorImpl.java:77)
	at java.base/jdk.internal.reflect.DelegatingMethodAccessorImpl.invoke(DelegatingMethodAccessorImpl.java:43)
	at java.base/java.lang.reflect.Method.invoke(Method.java:569)
	at org.springframework.web.method.support.InvocableHandlerMethod.doInvoke(InvocableHandlerMethod.java:261)
	at org.springframework.web.method.support.InvocableHandlerMethod.invokeForRequest(InvocableHandlerMethod.java:189)
	at org.springframework.web.servlet.mvc.method.annotation.ServletInvocableHandlerMethod.invokeAndHandle(ServletInvocableHandlerMethod.java:118)
	at org.springframework.web.servlet.mvc.method.annotation.ExceptionHandlerExceptionResolver.doResolveHandlerMethodException(ExceptionHandlerExceptionResolver.java:432)
	at org.springframework.web.servlet.handler.AbstractHandlerMethodExceptionResolver.doResolveException(AbstractHandlerMethodExceptionResolver.java:74)
	at org.springframework.web.servlet.handler.AbstractHandlerExceptionResolver.resolveException(AbstractHandlerExceptionResolver.java:175)
	at org.springframework.web.servlet.handler.HandlerExceptionResolverComposite.resolveException(HandlerExceptionResolverComposite.java:80)
	at org.springframework.web.servlet.DispatcherServlet.processHandlerException(DispatcherServlet.java:1357)
	at org.springframework.web.servlet.DispatcherServlet.processDispatchResult(DispatcherServlet.java:1160)
	at org.springframework.web.servlet.DispatcherServlet.doDispatch(DispatcherServlet.java:1106)
	at org.springframework.web.servlet.DispatcherServlet.doService(DispatcherServlet.java:979)
	at org.springframework.web.servlet.FrameworkServlet.processRequest(FrameworkServlet.java:1014)
	at org.springframework.web.servlet.FrameworkServlet.doPost(FrameworkServlet.java:914)
	at jakarta.servlet.http.HttpServlet.service(HttpServlet.java:590)
	at org.springframework.web.servlet.FrameworkServlet.service(FrameworkServlet.java:885)
	at jakarta.servlet.http.HttpServlet.service(HttpServlet.java:658)
	at org.apache.catalina.core.ApplicationFilterChain.internalDoFilter(ApplicationFilterChain.java:205)
	at org.apache.catalina.core.ApplicationFilterChain.doFilter(ApplicationFilterChain.java:149)
	at org.apache.tomcat.websocket.server.WsFilter.doFilter(WsFilter.java:51)
	at org.apache.catalina.core.ApplicationFilterChain.internalDoFilter(ApplicationFilterChain.java:174)
	at org.apache.catalina.core.ApplicationFilterChain.doFilter(ApplicationFilterChain.java:149)
	at org.springframework.web.filter.RequestContextFilter.doFilterInternal(RequestContextFilter.java:100)
	at org.springframework.web.filter.OncePerRequestFilter.doFilter(OncePerRequestFilter.java:116)
	at org.apache.catalina.core.ApplicationFilterChain.internalDoFilter(ApplicationFilterChain.java:174)
	at org.apache.catalina.core.ApplicationFilterChain.doFilter(ApplicationFilterChain.java:149)
	at org.springframework.web.filter.FormContentFilter.doFilterInternal(FormContentFilter.java:93)
	at org.springframework.web.filter.OncePerRequestFilter.doFilter(OncePerRequestFilter.java:116)
	at org.apache.catalina.core.ApplicationFilterChain.internalDoFilter(ApplicationFilterChain.java:174)
	at org.apache.catalina.core.ApplicationFilterChain.doFilter(ApplicationFilterChain.java:149)
	at org.springframework.web.filter.CharacterEncodingFilter.doFilterInternal(CharacterEncodingFilter.java:201)
	at org.springframework.web.filter.OncePerRequestFilter.doFilter(OncePerRequestFilter.java:116)
	at org.apache.catalina.core.ApplicationFilterChain.internalDoFilter(ApplicationFilterChain.java:174)
	at org.apache.catalina.core.ApplicationFilterChain.doFilter(ApplicationFilterChain.java:149)
	at org.apache.catalina.core.StandardWrapperValve.invoke(StandardWrapperValve.java:167)
	at org.apache.catalina.core.StandardContextValve.invoke(StandardContextValve.java:90)
	at org.apache.catalina.authenticator.AuthenticatorBase.invoke(AuthenticatorBase.java:482)
	at org.apache.catalina.core.StandardHostValve.invoke(StandardHostValve.java:115)
	at org.apache.catalina.valves.ErrorReportValve.invoke(ErrorReportValve.java:93)
	at org.apache.catalina.core.StandardEngineValve.invoke(StandardEngineValve.java:74)
	at org.apache.catalina.connector.CoyoteAdapter.service(CoyoteAdapter.java:340)
	at org.apache.coyote.http11.Http11Processor.service(Http11Processor.java:391)
	at org.apache.coyote.AbstractProcessorLight.process(AbstractProcessorLight.java:63)
	at org.apache.coyote.AbstractProtocol$ConnectionHandler.process(AbstractProtocol.java:896)
	at org.apache.tomcat.util.net.NioEndpoint$SocketProcessor.doRun(NioEndpoint.java:1744)
	at org.apache.tomcat.util.net.SocketProcessorBase.run(SocketProcessorBase.java:52)
	at org.apache.tomcat.util.threads.ThreadPoolExecutor.runWorker(ThreadPoolExecutor.java:1191)
	at org.apache.tomcat.util.threads.ThreadPoolExecutor$Worker.run(ThreadPoolExecutor.java:659)
	at org.apache.tomcat.util.threads.TaskThread$WrappingRunnable.run(TaskThread.java:61)
	at java.base/java.lang.Thread.run(Thread.java:840)
2025-02-11 09:02:05 - Servlet.service() for servlet [dispatcherServlet] in context with path [] threw exception [Request processing failed: org.springframework.dao.IncorrectResultSizeDataAccessException: Query did not return a unique result: 2 results were returned] with root cause
org.hibernate.NonUniqueResultException: Query did not return a unique result: 2 results were returned
	at org.hibernate.query.spi.AbstractSelectionQuery.uniqueElement(AbstractSelectionQuery.java:586)
	at org.hibernate.query.spi.AbstractSelectionQuery.getSingleResult(AbstractSelectionQuery.java:570)
	at org.springframework.data.jpa.repository.query.JpaQueryExecution$SingleEntityExecution.doExecute(JpaQueryExecution.java:223)
	at org.springframework.data.jpa.repository.query.JpaQueryExecution.execute(JpaQueryExecution.java:92)
	at org.springframework.data.jpa.repository.query.AbstractJpaQuery.doExecute(AbstractJpaQuery.java:149)
	at org.springframework.data.jpa.repository.query.AbstractJpaQuery.execute(AbstractJpaQuery.java:137)
	at org.springframework.data.repository.core.support.RepositoryMethodInvoker.doInvoke(RepositoryMethodInvoker.java:170)
	at org.springframework.data.repository.core.support.RepositoryMethodInvoker.invoke(RepositoryMethodInvoker.java:158)
	at org.springframework.data.repository.core.support.QueryExecutorMethodInterceptor.doInvoke(QueryExecutorMethodInterceptor.java:164)
	at org.springframework.data.repository.core.support.QueryExecutorMethodInterceptor.invoke(QueryExecutorMethodInterceptor.java:143)
	at org.springframework.aop.framework.ReflectiveMethodInvocation.proceed(ReflectiveMethodInvocation.java:184)
	at org.springframework.data.projection.DefaultMethodInvokingMethodInterceptor.invoke(DefaultMethodInvokingMethodInterceptor.java:70)
	at org.springframework.aop.framework.ReflectiveMethodInvocation.proceed(ReflectiveMethodInvocation.java:184)
	at org.springframework.transaction.interceptor.TransactionInterceptor$1.proceedWithInvocation(TransactionInterceptor.java:123)
	at org.springframework.transaction.interceptor.TransactionAspectSupport.invokeWithinTransaction(TransactionAspectSupport.java:385)
	at org.springframework.transaction.interceptor.TransactionInterceptor.invoke(TransactionInterceptor.java:119)
	at org.springframework.aop.framework.ReflectiveMethodInvocation.proceed(ReflectiveMethodInvocation.java:184)
	at org.springframework.dao.support.PersistenceExceptionTranslationInterceptor.invoke(PersistenceExceptionTranslationInterceptor.java:137)
	at org.springframework.aop.framework.ReflectiveMethodInvocation.proceed(ReflectiveMethodInvocation.java:184)
	at org.springframework.data.jpa.repository.support.CrudMethodMetadataPostProcessor$CrudMethodMetadataPopulatingMethodInterceptor.invoke(CrudMethodMetadataPostProcessor.java:135)
	at org.springframework.aop.framework.ReflectiveMethodInvocation.proceed(ReflectiveMethodInvocation.java:184)
	at org.springframework.aop.interceptor.ExposeInvocationInterceptor.invoke(ExposeInvocationInterceptor.java:97)
	at org.springframework.aop.framework.ReflectiveMethodInvocation.proceed(ReflectiveMethodInvocation.java:184)
	at org.springframework.aop.framework.JdkDynamicAopProxy.invoke(JdkDynamicAopProxy.java:220)
	at jdk.proxy2/jdk.proxy2.$Proxy138.findByGuid(Unknown Source)
	at com.example.FileStorageService.service.FileCopyService.copy(FileCopyService.java:41)
	at com.example.FileStorageService.controller.FileCopyController.copyFile(FileCopyController.java:37)
	at java.base/jdk.internal.reflect.NativeMethodAccessorImpl.invoke0(Native Method)
	at java.base/jdk.internal.reflect.NativeMethodAccessorImpl.invoke(NativeMethodAccessorImpl.java:77)
	at java.base/jdk.internal.reflect.DelegatingMethodAccessorImpl.invoke(DelegatingMethodAccessorImpl.java:43)
	at java.base/java.lang.reflect.Method.invoke(Method.java:569)
	at org.springframework.web.method.support.InvocableHandlerMethod.doInvoke(InvocableHandlerMethod.java:261)
	at org.springframework.web.method.support.InvocableHandlerMethod.invokeForRequest(InvocableHandlerMethod.java:189)
	at org.springframework.web.servlet.mvc.method.annotation.ServletInvocableHandlerMethod.invokeAndHandle(ServletInvocableHandlerMethod.java:118)
	at org.springframework.web.servlet.mvc.method.annotation.RequestMappingHandlerAdapter.invokeHandlerMethod(RequestMappingHandlerAdapter.java:917)
	at org.springframework.web.servlet.mvc.method.annotation.RequestMappingHandlerAdapter.handleInternal(RequestMappingHandlerAdapter.java:829)
	at org.springframework.web.servlet.mvc.method.AbstractHandlerMethodAdapter.handle(AbstractHandlerMethodAdapter.java:87)
	at org.springframework.web.servlet.DispatcherServlet.doDispatch(DispatcherServlet.java:1089)
	at org.springframework.web.servlet.DispatcherServlet.doService(DispatcherServlet.java:979)
	at org.springframework.web.servlet.FrameworkServlet.processRequest(FrameworkServlet.java:1014)
	at org.springframework.web.servlet.FrameworkServlet.doPost(FrameworkServlet.java:914)
	at jakarta.servlet.http.HttpServlet.service(HttpServlet.java:590)
	at org.springframework.web.servlet.FrameworkServlet.service(FrameworkServlet.java:885)
	at jakarta.servlet.http.HttpServlet.service(HttpServlet.java:658)
	at org.apache.catalina.core.ApplicationFilterChain.internalDoFilter(ApplicationFilterChain.java:205)
	at org.apache.catalina.core.ApplicationFilterChain.doFilter(ApplicationFilterChain.java:149)
	at org.apache.tomcat.websocket.server.WsFilter.doFilter(WsFilter.java:51)
	at org.apache.catalina.core.ApplicationFilterChain.internalDoFilter(ApplicationFilterChain.java:174)
	at org.apache.catalina.core.ApplicationFilterChain.doFilter(ApplicationFilterChain.java:149)
	at org.springframework.web.filter.RequestContextFilter.doFilterInternal(RequestContextFilter.java:100)
	at org.springframework.web.filter.OncePerRequestFilter.doFilter(OncePerRequestFilter.java:116)
	at org.apache.catalina.core.ApplicationFilterChain.internalDoFilter(ApplicationFilterChain.java:174)
	at org.apache.catalina.core.ApplicationFilterChain.doFilter(ApplicationFilterChain.java:149)
	at org.springframework.web.filter.FormContentFilter.doFilterInternal(FormContentFilter.java:93)
	at org.springframework.web.filter.OncePerRequestFilter.doFilter(OncePerRequestFilter.java:116)
	at org.apache.catalina.core.ApplicationFilterChain.internalDoFilter(ApplicationFilterChain.java:174)
	at org.apache.catalina.core.ApplicationFilterChain.doFilter(ApplicationFilterChain.java:149)
	at org.springframework.web.filter.CharacterEncodingFilter.doFilterInternal(CharacterEncodingFilter.java:201)
	at org.springframework.web.filter.OncePerRequestFilter.doFilter(OncePerRequestFilter.java:116)
	at org.apache.catalina.core.ApplicationFilterChain.internalDoFilter(ApplicationFilterChain.java:174)
	at org.apache.catalina.core.ApplicationFilterChain.doFilter(ApplicationFilterChain.java:149)
	at org.apache.catalina.core.StandardWrapperValve.invoke(StandardWrapperValve.java:167)
	at org.apache.catalina.core.StandardContextValve.invoke(StandardContextValve.java:90)
	at org.apache.catalina.authenticator.AuthenticatorBase.invoke(AuthenticatorBase.java:482)
	at org.apache.catalina.core.StandardHostValve.invoke(StandardHostValve.java:115)
	at org.apache.catalina.valves.ErrorReportValve.invoke(ErrorReportValve.java:93)
	at org.apache.catalina.core.StandardEngineValve.invoke(StandardEngineValve.java:74)
	at org.apache.catalina.connector.CoyoteAdapter.service(CoyoteAdapter.java:340)
	at org.apache.coyote.http11.Http11Processor.service(Http11Processor.java:391)
	at org.apache.coyote.AbstractProcessorLight.process(AbstractProcessorLight.java:63)
	at org.apache.coyote.AbstractProtocol$ConnectionHandler.process(AbstractProtocol.java:896)
	at org.apache.tomcat.util.net.NioEndpoint$SocketProcessor.doRun(NioEndpoint.java:1744)
	at org.apache.tomcat.util.net.SocketProcessorBase.run(SocketProcessorBase.java:52)
	at org.apache.tomcat.util.threads.ThreadPoolExecutor.runWorker(ThreadPoolExecutor.java:1191)
	at org.apache.tomcat.util.threads.ThreadPoolExecutor$Worker.run(ThreadPoolExecutor.java:659)
	at org.apache.tomcat.util.threads.TaskThread$WrappingRunnable.run(TaskThread.java:61)
	at java.base/java.lang.Thread.run(Thread.java:840)
2025-02-11 09:06:45 - Closing JPA EntityManagerFactory for persistence unit 'default'
2025-02-11 09:06:45 - HikariPool-1 - Shutdown initiated...
2025-02-11 09:06:45 - HikariPool-1 - Shutdown completed.
2025-02-11 09:36:24 - HV000001: Hibernate Validator 8.0.1.Final
2025-02-11 09:36:24 - Starting FileStorageServiceApplication using Java 17.0.13 with PID 7440 (/Users/edakocaman/Downloads/FileStorageService/build/classes/java/main started by edakocaman in /Users/edakocaman/Downloads/FileStorageService)
2025-02-11 09:36:24 - Running with Spring Boot v3.2.2, Spring v6.1.3
2025-02-11 09:36:24 - No active profile set, falling back to 1 default profile: "default"
2025-02-11 09:36:25 - Bootstrapping Spring Data JPA repositories in DEFAULT mode.
2025-02-11 09:36:25 - Finished Spring Data repository scanning in 74 ms. Found 4 JPA repository interfaces.
2025-02-11 09:36:25 - Tomcat initialized with port 8080 (http)
2025-02-11 09:36:25 - Initializing ProtocolHandler ["http-nio-8080"]
2025-02-11 09:36:25 - Starting service [Tomcat]
2025-02-11 09:36:25 - Starting Servlet engine: [Apache Tomcat/10.1.18]
2025-02-11 09:36:25 - Initializing Spring embedded WebApplicationContext
2025-02-11 09:36:25 - Root WebApplicationContext: initialization completed in 612 ms
2025-02-11 09:36:25 - HHH000204: Processing PersistenceUnitInfo [name: default]
2025-02-11 09:36:25 - HHH000412: Hibernate ORM core version 6.4.1.Final
2025-02-11 09:36:25 - HHH000026: Second-level cache disabled
2025-02-11 09:36:25 - No LoadTimeWeaver setup: ignoring JPA class transformer
2025-02-11 09:36:25 - HikariPool-1 - Starting...
2025-02-11 09:36:25 - HikariPool-1 - Added connection org.postgresql.jdbc.PgConnection@100eeedc
2025-02-11 09:36:25 - HikariPool-1 - Start completed.
2025-02-11 09:36:25 - HHH90000025: PostgreSQLDialect does not need to be specified explicitly using 'hibernate.dialect' (remove the property setting and it will be selected by default)
2025-02-11 09:36:26 - HHH000489: No JTA platform available (set 'hibernate.transaction.jta.platform' to enable JTA platform integration)
2025-02-11 09:36:26 - Initialized JPA EntityManagerFactory for persistence unit 'default'
2025-02-11 09:36:26 - FileUploadController loaded successfully.
2025-02-11 09:36:26 - spring.jpa.open-in-view is enabled by default. Therefore, database queries may be performed during view rendering. Explicitly configure spring.jpa.open-in-view to disable this warning
2025-02-11 09:36:26 - Starting ProtocolHandler ["http-nio-8080"]
2025-02-11 09:36:26 - Tomcat started on port 8080 (http) with context path ''
2025-02-11 09:36:26 - Started FileStorageServiceApplication in 2.076 seconds (process running for 2.223)
2025-02-11 09:36:51 - Initializing Spring DispatcherServlet 'dispatcherServlet'
2025-02-11 09:36:51 - Initializing Servlet 'dispatcherServlet'
2025-02-11 09:36:51 - Completed initialization in 6 ms
2025-02-11 09:36:52 - Init duration for springdoc-openapi is: 133 ms
2025-02-11 09:45:00 - Copy operation started. fileGuid: null, targetDirectoryGuid: null
2025-02-11 09:45:00 - Failure in @ExceptionHandler com.example.FileStorageService.exception.GlobalExceptionHandler#handleException(Exception)
java.lang.NullPointerException: Cannot invoke "com.example.FileStorageService.service.UserService.getCurrentUser()" because "this.userService" is null
	at com.example.FileStorageService.exception.GlobalExceptionHandler.getCurrentUser(GlobalExceptionHandler.java:77)
	at com.example.FileStorageService.exception.GlobalExceptionHandler.handleException(GlobalExceptionHandler.java:38)
	at java.base/jdk.internal.reflect.NativeMethodAccessorImpl.invoke0(Native Method)
	at java.base/jdk.internal.reflect.NativeMethodAccessorImpl.invoke(NativeMethodAccessorImpl.java:77)
	at java.base/jdk.internal.reflect.DelegatingMethodAccessorImpl.invoke(DelegatingMethodAccessorImpl.java:43)
	at java.base/java.lang.reflect.Method.invoke(Method.java:569)
	at org.springframework.web.method.support.InvocableHandlerMethod.doInvoke(InvocableHandlerMethod.java:261)
	at org.springframework.web.method.support.InvocableHandlerMethod.invokeForRequest(InvocableHandlerMethod.java:189)
	at org.springframework.web.servlet.mvc.method.annotation.ServletInvocableHandlerMethod.invokeAndHandle(ServletInvocableHandlerMethod.java:118)
	at org.springframework.web.servlet.mvc.method.annotation.ExceptionHandlerExceptionResolver.doResolveHandlerMethodException(ExceptionHandlerExceptionResolver.java:432)
	at org.springframework.web.servlet.handler.AbstractHandlerMethodExceptionResolver.doResolveException(AbstractHandlerMethodExceptionResolver.java:74)
	at org.springframework.web.servlet.handler.AbstractHandlerExceptionResolver.resolveException(AbstractHandlerExceptionResolver.java:175)
	at org.springframework.web.servlet.handler.HandlerExceptionResolverComposite.resolveException(HandlerExceptionResolverComposite.java:80)
	at org.springframework.web.servlet.DispatcherServlet.processHandlerException(DispatcherServlet.java:1357)
	at org.springframework.web.servlet.DispatcherServlet.processDispatchResult(DispatcherServlet.java:1160)
	at org.springframework.web.servlet.DispatcherServlet.doDispatch(DispatcherServlet.java:1106)
	at org.springframework.web.servlet.DispatcherServlet.doService(DispatcherServlet.java:979)
	at org.springframework.web.servlet.FrameworkServlet.processRequest(FrameworkServlet.java:1014)
	at org.springframework.web.servlet.FrameworkServlet.doPost(FrameworkServlet.java:914)
	at jakarta.servlet.http.HttpServlet.service(HttpServlet.java:590)
	at org.springframework.web.servlet.FrameworkServlet.service(FrameworkServlet.java:885)
	at jakarta.servlet.http.HttpServlet.service(HttpServlet.java:658)
	at org.apache.catalina.core.ApplicationFilterChain.internalDoFilter(ApplicationFilterChain.java:205)
	at org.apache.catalina.core.ApplicationFilterChain.doFilter(ApplicationFilterChain.java:149)
	at org.apache.tomcat.websocket.server.WsFilter.doFilter(WsFilter.java:51)
	at org.apache.catalina.core.ApplicationFilterChain.internalDoFilter(ApplicationFilterChain.java:174)
	at org.apache.catalina.core.ApplicationFilterChain.doFilter(ApplicationFilterChain.java:149)
	at org.springframework.web.filter.RequestContextFilter.doFilterInternal(RequestContextFilter.java:100)
	at org.springframework.web.filter.OncePerRequestFilter.doFilter(OncePerRequestFilter.java:116)
	at org.apache.catalina.core.ApplicationFilterChain.internalDoFilter(ApplicationFilterChain.java:174)
	at org.apache.catalina.core.ApplicationFilterChain.doFilter(ApplicationFilterChain.java:149)
	at org.springframework.web.filter.FormContentFilter.doFilterInternal(FormContentFilter.java:93)
	at org.springframework.web.filter.OncePerRequestFilter.doFilter(OncePerRequestFilter.java:116)
	at org.apache.catalina.core.ApplicationFilterChain.internalDoFilter(ApplicationFilterChain.java:174)
	at org.apache.catalina.core.ApplicationFilterChain.doFilter(ApplicationFilterChain.java:149)
	at org.springframework.web.filter.CharacterEncodingFilter.doFilterInternal(CharacterEncodingFilter.java:201)
	at org.springframework.web.filter.OncePerRequestFilter.doFilter(OncePerRequestFilter.java:116)
	at org.apache.catalina.core.ApplicationFilterChain.internalDoFilter(ApplicationFilterChain.java:174)
	at org.apache.catalina.core.ApplicationFilterChain.doFilter(ApplicationFilterChain.java:149)
	at org.apache.catalina.core.StandardWrapperValve.invoke(StandardWrapperValve.java:167)
	at org.apache.catalina.core.StandardContextValve.invoke(StandardContextValve.java:90)
	at org.apache.catalina.authenticator.AuthenticatorBase.invoke(AuthenticatorBase.java:482)
	at org.apache.catalina.core.StandardHostValve.invoke(StandardHostValve.java:115)
	at org.apache.catalina.valves.ErrorReportValve.invoke(ErrorReportValve.java:93)
	at org.apache.catalina.core.StandardEngineValve.invoke(StandardEngineValve.java:74)
	at org.apache.catalina.connector.CoyoteAdapter.service(CoyoteAdapter.java:340)
	at org.apache.coyote.http11.Http11Processor.service(Http11Processor.java:391)
	at org.apache.coyote.AbstractProcessorLight.process(AbstractProcessorLight.java:63)
	at org.apache.coyote.AbstractProtocol$ConnectionHandler.process(AbstractProtocol.java:896)
	at org.apache.tomcat.util.net.NioEndpoint$SocketProcessor.doRun(NioEndpoint.java:1744)
	at org.apache.tomcat.util.net.SocketProcessorBase.run(SocketProcessorBase.java:52)
	at org.apache.tomcat.util.threads.ThreadPoolExecutor.runWorker(ThreadPoolExecutor.java:1191)
	at org.apache.tomcat.util.threads.ThreadPoolExecutor$Worker.run(ThreadPoolExecutor.java:659)
	at org.apache.tomcat.util.threads.TaskThread$WrappingRunnable.run(TaskThread.java:61)
	at java.base/java.lang.Thread.run(Thread.java:840)
2025-02-11 09:45:00 - Servlet.service() for servlet [dispatcherServlet] in context with path [] threw exception [Request processing failed: org.springframework.dao.IncorrectResultSizeDataAccessException: Query did not return a unique result: 2 results were returned] with root cause
org.hibernate.NonUniqueResultException: Query did not return a unique result: 2 results were returned
	at org.hibernate.query.spi.AbstractSelectionQuery.uniqueElement(AbstractSelectionQuery.java:586)
	at org.hibernate.query.spi.AbstractSelectionQuery.getSingleResult(AbstractSelectionQuery.java:570)
	at org.springframework.data.jpa.repository.query.JpaQueryExecution$SingleEntityExecution.doExecute(JpaQueryExecution.java:223)
	at org.springframework.data.jpa.repository.query.JpaQueryExecution.execute(JpaQueryExecution.java:92)
	at org.springframework.data.jpa.repository.query.AbstractJpaQuery.doExecute(AbstractJpaQuery.java:149)
	at org.springframework.data.jpa.repository.query.AbstractJpaQuery.execute(AbstractJpaQuery.java:137)
	at org.springframework.data.repository.core.support.RepositoryMethodInvoker.doInvoke(RepositoryMethodInvoker.java:170)
	at org.springframework.data.repository.core.support.RepositoryMethodInvoker.invoke(RepositoryMethodInvoker.java:158)
	at org.springframework.data.repository.core.support.QueryExecutorMethodInterceptor.doInvoke(QueryExecutorMethodInterceptor.java:164)
	at org.springframework.data.repository.core.support.QueryExecutorMethodInterceptor.invoke(QueryExecutorMethodInterceptor.java:143)
	at org.springframework.aop.framework.ReflectiveMethodInvocation.proceed(ReflectiveMethodInvocation.java:184)
	at org.springframework.data.projection.DefaultMethodInvokingMethodInterceptor.invoke(DefaultMethodInvokingMethodInterceptor.java:70)
	at org.springframework.aop.framework.ReflectiveMethodInvocation.proceed(ReflectiveMethodInvocation.java:184)
	at org.springframework.transaction.interceptor.TransactionInterceptor$1.proceedWithInvocation(TransactionInterceptor.java:123)
	at org.springframework.transaction.interceptor.TransactionAspectSupport.invokeWithinTransaction(TransactionAspectSupport.java:385)
	at org.springframework.transaction.interceptor.TransactionInterceptor.invoke(TransactionInterceptor.java:119)
	at org.springframework.aop.framework.ReflectiveMethodInvocation.proceed(ReflectiveMethodInvocation.java:184)
	at org.springframework.dao.support.PersistenceExceptionTranslationInterceptor.invoke(PersistenceExceptionTranslationInterceptor.java:137)
	at org.springframework.aop.framework.ReflectiveMethodInvocation.proceed(ReflectiveMethodInvocation.java:184)
	at org.springframework.data.jpa.repository.support.CrudMethodMetadataPostProcessor$CrudMethodMetadataPopulatingMethodInterceptor.invoke(CrudMethodMetadataPostProcessor.java:135)
	at org.springframework.aop.framework.ReflectiveMethodInvocation.proceed(ReflectiveMethodInvocation.java:184)
	at org.springframework.aop.interceptor.ExposeInvocationInterceptor.invoke(ExposeInvocationInterceptor.java:97)
	at org.springframework.aop.framework.ReflectiveMethodInvocation.proceed(ReflectiveMethodInvocation.java:184)
	at org.springframework.aop.framework.JdkDynamicAopProxy.invoke(JdkDynamicAopProxy.java:220)
	at jdk.proxy2/jdk.proxy2.$Proxy138.findByGuid(Unknown Source)
	at com.example.FileStorageService.service.FileCopyService.copy(FileCopyService.java:41)
	at com.example.FileStorageService.controller.FileCopyController.copyFile(FileCopyController.java:37)
	at java.base/jdk.internal.reflect.NativeMethodAccessorImpl.invoke0(Native Method)
	at java.base/jdk.internal.reflect.NativeMethodAccessorImpl.invoke(NativeMethodAccessorImpl.java:77)
	at java.base/jdk.internal.reflect.DelegatingMethodAccessorImpl.invoke(DelegatingMethodAccessorImpl.java:43)
	at java.base/java.lang.reflect.Method.invoke(Method.java:569)
	at org.springframework.web.method.support.InvocableHandlerMethod.doInvoke(InvocableHandlerMethod.java:261)
	at org.springframework.web.method.support.InvocableHandlerMethod.invokeForRequest(InvocableHandlerMethod.java:189)
	at org.springframework.web.servlet.mvc.method.annotation.ServletInvocableHandlerMethod.invokeAndHandle(ServletInvocableHandlerMethod.java:118)
	at org.springframework.web.servlet.mvc.method.annotation.RequestMappingHandlerAdapter.invokeHandlerMethod(RequestMappingHandlerAdapter.java:917)
	at org.springframework.web.servlet.mvc.method.annotation.RequestMappingHandlerAdapter.handleInternal(RequestMappingHandlerAdapter.java:829)
	at org.springframework.web.servlet.mvc.method.AbstractHandlerMethodAdapter.handle(AbstractHandlerMethodAdapter.java:87)
	at org.springframework.web.servlet.DispatcherServlet.doDispatch(DispatcherServlet.java:1089)
	at org.springframework.web.servlet.DispatcherServlet.doService(DispatcherServlet.java:979)
	at org.springframework.web.servlet.FrameworkServlet.processRequest(FrameworkServlet.java:1014)
	at org.springframework.web.servlet.FrameworkServlet.doPost(FrameworkServlet.java:914)
	at jakarta.servlet.http.HttpServlet.service(HttpServlet.java:590)
	at org.springframework.web.servlet.FrameworkServlet.service(FrameworkServlet.java:885)
	at jakarta.servlet.http.HttpServlet.service(HttpServlet.java:658)
	at org.apache.catalina.core.ApplicationFilterChain.internalDoFilter(ApplicationFilterChain.java:205)
	at org.apache.catalina.core.ApplicationFilterChain.doFilter(ApplicationFilterChain.java:149)
	at org.apache.tomcat.websocket.server.WsFilter.doFilter(WsFilter.java:51)
	at org.apache.catalina.core.ApplicationFilterChain.internalDoFilter(ApplicationFilterChain.java:174)
	at org.apache.catalina.core.ApplicationFilterChain.doFilter(ApplicationFilterChain.java:149)
	at org.springframework.web.filter.RequestContextFilter.doFilterInternal(RequestContextFilter.java:100)
	at org.springframework.web.filter.OncePerRequestFilter.doFilter(OncePerRequestFilter.java:116)
	at org.apache.catalina.core.ApplicationFilterChain.internalDoFilter(ApplicationFilterChain.java:174)
	at org.apache.catalina.core.ApplicationFilterChain.doFilter(ApplicationFilterChain.java:149)
	at org.springframework.web.filter.FormContentFilter.doFilterInternal(FormContentFilter.java:93)
	at org.springframework.web.filter.OncePerRequestFilter.doFilter(OncePerRequestFilter.java:116)
	at org.apache.catalina.core.ApplicationFilterChain.internalDoFilter(ApplicationFilterChain.java:174)
	at org.apache.catalina.core.ApplicationFilterChain.doFilter(ApplicationFilterChain.java:149)
	at org.springframework.web.filter.CharacterEncodingFilter.doFilterInternal(CharacterEncodingFilter.java:201)
	at org.springframework.web.filter.OncePerRequestFilter.doFilter(OncePerRequestFilter.java:116)
	at org.apache.catalina.core.ApplicationFilterChain.internalDoFilter(ApplicationFilterChain.java:174)
	at org.apache.catalina.core.ApplicationFilterChain.doFilter(ApplicationFilterChain.java:149)
	at org.apache.catalina.core.StandardWrapperValve.invoke(StandardWrapperValve.java:167)
	at org.apache.catalina.core.StandardContextValve.invoke(StandardContextValve.java:90)
	at org.apache.catalina.authenticator.AuthenticatorBase.invoke(AuthenticatorBase.java:482)
	at org.apache.catalina.core.StandardHostValve.invoke(StandardHostValve.java:115)
	at org.apache.catalina.valves.ErrorReportValve.invoke(ErrorReportValve.java:93)
	at org.apache.catalina.core.StandardEngineValve.invoke(StandardEngineValve.java:74)
	at org.apache.catalina.connector.CoyoteAdapter.service(CoyoteAdapter.java:340)
	at org.apache.coyote.http11.Http11Processor.service(Http11Processor.java:391)
	at org.apache.coyote.AbstractProcessorLight.process(AbstractProcessorLight.java:63)
	at org.apache.coyote.AbstractProtocol$ConnectionHandler.process(AbstractProtocol.java:896)
	at org.apache.tomcat.util.net.NioEndpoint$SocketProcessor.doRun(NioEndpoint.java:1744)
	at org.apache.tomcat.util.net.SocketProcessorBase.run(SocketProcessorBase.java:52)
	at org.apache.tomcat.util.threads.ThreadPoolExecutor.runWorker(ThreadPoolExecutor.java:1191)
	at org.apache.tomcat.util.threads.ThreadPoolExecutor$Worker.run(ThreadPoolExecutor.java:659)
	at org.apache.tomcat.util.threads.TaskThread$WrappingRunnable.run(TaskThread.java:61)
	at java.base/java.lang.Thread.run(Thread.java:840)
2025-02-11 09:50:58 - HikariPool-1 - Thread starvation or clock leap detected (housekeeper delta=2m32s674ms).
2025-02-11 10:08:14 - Closing JPA EntityManagerFactory for persistence unit 'default'
2025-02-11 10:08:14 - HikariPool-1 - Shutdown initiated...
2025-02-11 10:08:14 - HikariPool-1 - Shutdown completed.
2025-02-11 10:10:34 - HV000001: Hibernate Validator 8.0.1.Final
2025-02-11 10:10:34 - Starting FileStorageServiceApplication using Java 17.0.13 with PID 8578 (/Users/edakocaman/Downloads/FileStorageService/build/classes/java/main started by edakocaman in /Users/edakocaman/Downloads/FileStorageService)
2025-02-11 10:10:34 - Running with Spring Boot v3.2.2, Spring v6.1.3
2025-02-11 10:10:34 - No active profile set, falling back to 1 default profile: "default"
2025-02-11 10:10:34 - Bootstrapping Spring Data JPA repositories in DEFAULT mode.
2025-02-11 10:10:34 - Finished Spring Data repository scanning in 67 ms. Found 4 JPA repository interfaces.
2025-02-11 10:10:35 - Tomcat initialized with port 8080 (http)
2025-02-11 10:10:35 - Initializing ProtocolHandler ["http-nio-8080"]
2025-02-11 10:10:35 - Starting service [Tomcat]
2025-02-11 10:10:35 - Starting Servlet engine: [Apache Tomcat/10.1.18]
2025-02-11 10:10:35 - Initializing Spring embedded WebApplicationContext
2025-02-11 10:10:35 - Root WebApplicationContext: initialization completed in 594 ms
2025-02-11 10:10:35 - HHH000204: Processing PersistenceUnitInfo [name: default]
2025-02-11 10:10:35 - HHH000412: Hibernate ORM core version 6.4.1.Final
2025-02-11 10:10:35 - HHH000026: Second-level cache disabled
2025-02-11 10:10:35 - No LoadTimeWeaver setup: ignoring JPA class transformer
2025-02-11 10:10:35 - HikariPool-1 - Starting...
2025-02-11 10:10:35 - HikariPool-1 - Added connection org.postgresql.jdbc.PgConnection@26101efc
2025-02-11 10:10:35 - HikariPool-1 - Start completed.
2025-02-11 10:10:35 - HHH90000025: PostgreSQLDialect does not need to be specified explicitly using 'hibernate.dialect' (remove the property setting and it will be selected by default)
2025-02-11 10:10:35 - HHH000489: No JTA platform available (set 'hibernate.transaction.jta.platform' to enable JTA platform integration)
2025-02-11 10:10:35 - Initialized JPA EntityManagerFactory for persistence unit 'default'
2025-02-11 10:10:36 - FileUploadController loaded successfully.
2025-02-11 10:10:36 - spring.jpa.open-in-view is enabled by default. Therefore, database queries may be performed during view rendering. Explicitly configure spring.jpa.open-in-view to disable this warning
2025-02-11 10:10:36 - Starting ProtocolHandler ["http-nio-8080"]
2025-02-11 10:10:36 - Tomcat started on port 8080 (http) with context path ''
2025-02-11 10:10:36 - Started FileStorageServiceApplication in 2.064 seconds (process running for 2.216)
2025-02-11 10:10:46 - Initializing Spring DispatcherServlet 'dispatcherServlet'
2025-02-11 10:10:46 - Initializing Servlet 'dispatcherServlet'
2025-02-11 10:10:46 - Completed initialization in 5 ms
2025-02-11 10:10:47 - Init duration for springdoc-openapi is: 145 ms
2025-02-11 10:11:29 - Copy operation started. fileGuid: null, targetDirectoryGuid: null
2025-02-11 10:55:16 - Closing JPA EntityManagerFactory for persistence unit 'default'
2025-02-11 10:55:16 - HikariPool-1 - Shutdown initiated...
2025-02-11 10:55:16 - HikariPool-1 - Shutdown completed.
2025-02-11 12:04:43 - HV000001: Hibernate Validator 8.0.1.Final
2025-02-11 12:04:43 - Starting FileStorageServiceApplication using Java 17.0.13 with PID 12009 (/Users/edakocaman/Downloads/FileStorageService/build/classes/java/main started by edakocaman in /Users/edakocaman/Downloads/FileStorageService)
2025-02-11 12:04:43 - Running with Spring Boot v3.2.2, Spring v6.1.3
2025-02-11 12:04:43 - No active profile set, falling back to 1 default profile: "default"
2025-02-11 12:04:43 - Bootstrapping Spring Data JPA repositories in DEFAULT mode.
2025-02-11 12:04:43 - Finished Spring Data repository scanning in 67 ms. Found 4 JPA repository interfaces.
2025-02-11 12:04:43 - Tomcat initialized with port 8080 (http)
2025-02-11 12:04:43 - Initializing ProtocolHandler ["http-nio-8080"]
2025-02-11 12:04:43 - Starting service [Tomcat]
2025-02-11 12:04:43 - Starting Servlet engine: [Apache Tomcat/10.1.18]
2025-02-11 12:04:43 - Initializing Spring embedded WebApplicationContext
2025-02-11 12:04:43 - Root WebApplicationContext: initialization completed in 595 ms
2025-02-11 12:04:43 - HHH000204: Processing PersistenceUnitInfo [name: default]
2025-02-11 12:04:43 - HHH000412: Hibernate ORM core version 6.4.1.Final
2025-02-11 12:04:43 - HHH000026: Second-level cache disabled
2025-02-11 12:04:43 - No LoadTimeWeaver setup: ignoring JPA class transformer
2025-02-11 12:04:43 - HikariPool-1 - Starting...
2025-02-11 12:04:43 - HikariPool-1 - Added connection org.postgresql.jdbc.PgConnection@56266bda
2025-02-11 12:04:43 - HikariPool-1 - Start completed.
2025-02-11 12:04:43 - HHH90000025: PostgreSQLDialect does not need to be specified explicitly using 'hibernate.dialect' (remove the property setting and it will be selected by default)
2025-02-11 12:04:44 - HHH000489: No JTA platform available (set 'hibernate.transaction.jta.platform' to enable JTA platform integration)
2025-02-11 12:04:44 - Initialized JPA EntityManagerFactory for persistence unit 'default'
2025-02-11 12:04:44 - FileUploadController loaded successfully.
2025-02-11 12:04:44 - spring.jpa.open-in-view is enabled by default. Therefore, database queries may be performed during view rendering. Explicitly configure spring.jpa.open-in-view to disable this warning
2025-02-11 12:04:44 - Starting ProtocolHandler ["http-nio-8080"]
2025-02-11 12:04:44 - Tomcat started on port 8080 (http) with context path ''
2025-02-11 12:04:44 - Started FileStorageServiceApplication in 2.048 seconds (process running for 2.193)
2025-02-11 12:04:51 - Initializing Spring DispatcherServlet 'dispatcherServlet'
2025-02-11 12:04:51 - Initializing Servlet 'dispatcherServlet'
2025-02-11 12:04:51 - Completed initialization in 5 ms
2025-02-11 12:04:52 - Init duration for springdoc-openapi is: 142 ms
2025-02-11 12:05:02 - Copy operation started. fileGuid: null, targetDirectoryGuid: 3fa85f64-5717-4562-b3fc-2c963f66afa6
2025-02-11 12:05:02 - Target directory not found: 3fa85f64-5717-4562-b3fc-2c963f66afa6
2025-02-11 12:05:02 - Error: Target directory not found
2025-02-11 12:05:40 - Copy operation started. fileGuid: null, targetDirectoryGuid: d0947e79-d018-471c-8b53-551e1b391f64
2025-02-11 12:05:40 - Target directory not found: d0947e79-d018-471c-8b53-551e1b391f64
2025-02-11 12:05:40 - Error: Target directory not found
2025-02-11 12:06:43 - Copy operation started. fileGuid: null, targetDirectoryGuid: 9d411a62-1b54-49c2-b06e-1af20681ef17
2025-02-11 12:06:43 - Target directory not found: 9d411a62-1b54-49c2-b06e-1af20681ef17
2025-02-11 12:06:43 - Error: Target directory not found
2025-02-11 12:07:48 - Full Path: /Users/edakocaman/Downloads/FileStorageService/upload-dir/test17
2025-02-11 12:07:48 - GET DIRECTORY: name: test17full path: /Users/edakocaman/Downloads/FileStorageService/upload-dir/test17user: User(id=3, uuid=3e013e53-c3aa-4cfb-b7d9-a4d58c978172, username=EdaKocaman, password=123, createdAt=2025-01-28T10:43:29.731555)parent: null
2025-02-11 12:07:48 - Directory created successfully (logAudit)
2025-02-11 12:08:05 - Copy operation started. fileGuid: null, targetDirectoryGuid: 9d411a62-1b54-49c2-b06e-1af20681ef17
2025-02-11 12:08:05 - Target directory not found: 9d411a62-1b54-49c2-b06e-1af20681ef17
2025-02-11 12:08:05 - Error: Target directory not found
2025-02-11 12:15:08 - Closing JPA EntityManagerFactory for persistence unit 'default'
2025-02-11 12:15:08 - HikariPool-1 - Shutdown initiated...
2025-02-11 12:15:08 - HikariPool-1 - Shutdown completed.
2025-02-11 12:15:12 - HV000001: Hibernate Validator 8.0.1.Final
2025-02-11 12:15:12 - Starting FileStorageServiceApplication using Java 17.0.13 with PID 12504 (/Users/edakocaman/Downloads/FileStorageService/build/classes/java/main started by edakocaman in /Users/edakocaman/Downloads/FileStorageService)
2025-02-11 12:15:12 - Running with Spring Boot v3.2.2, Spring v6.1.3
2025-02-11 12:15:12 - No active profile set, falling back to 1 default profile: "default"
2025-02-11 12:15:12 - Bootstrapping Spring Data JPA repositories in DEFAULT mode.
2025-02-11 12:15:12 - Finished Spring Data repository scanning in 70 ms. Found 4 JPA repository interfaces.
2025-02-11 12:15:13 - Tomcat initialized with port 8080 (http)
2025-02-11 12:15:13 - Initializing ProtocolHandler ["http-nio-8080"]
2025-02-11 12:15:13 - Starting service [Tomcat]
2025-02-11 12:15:13 - Starting Servlet engine: [Apache Tomcat/10.1.18]
2025-02-11 12:15:13 - Initializing Spring embedded WebApplicationContext
2025-02-11 12:15:13 - Root WebApplicationContext: initialization completed in 596 ms
2025-02-11 12:15:13 - HHH000204: Processing PersistenceUnitInfo [name: default]
2025-02-11 12:15:13 - HHH000412: Hibernate ORM core version 6.4.1.Final
2025-02-11 12:15:13 - HHH000026: Second-level cache disabled
2025-02-11 12:15:13 - No LoadTimeWeaver setup: ignoring JPA class transformer
2025-02-11 12:15:13 - HikariPool-1 - Starting...
2025-02-11 12:15:13 - HikariPool-1 - Added connection org.postgresql.jdbc.PgConnection@52f43225
2025-02-11 12:15:13 - HikariPool-1 - Start completed.
2025-02-11 12:15:13 - HHH90000025: PostgreSQLDialect does not need to be specified explicitly using 'hibernate.dialect' (remove the property setting and it will be selected by default)
2025-02-11 12:15:13 - HHH000489: No JTA platform available (set 'hibernate.transaction.jta.platform' to enable JTA platform integration)
2025-02-11 12:15:13 - Initialized JPA EntityManagerFactory for persistence unit 'default'
2025-02-11 12:15:14 - FileUploadController loaded successfully.
2025-02-11 12:15:14 - spring.jpa.open-in-view is enabled by default. Therefore, database queries may be performed during view rendering. Explicitly configure spring.jpa.open-in-view to disable this warning
2025-02-11 12:15:14 - Starting ProtocolHandler ["http-nio-8080"]
2025-02-11 12:15:14 - Tomcat started on port 8080 (http) with context path ''
2025-02-11 12:15:14 - Started FileStorageServiceApplication in 2.058 seconds (process running for 2.205)
2025-02-11 12:15:17 - Initializing Spring DispatcherServlet 'dispatcherServlet'
2025-02-11 12:15:17 - Initializing Servlet 'dispatcherServlet'
2025-02-11 12:15:17 - Completed initialization in 5 ms
2025-02-11 12:15:17 - Init duration for springdoc-openapi is: 153 ms
2025-02-11 12:15:52 - Copy operation started. fileGuid: null, targetDirectoryGuid: 57e606c7-37ff-4abe-914c-3057def02ae4
2025-02-11 12:15:52 - Target directory found: /Users/edakocaman/Downloads/FileStorageService/upload-dir/test17
2025-02-11 12:15:52 - Source file not found: null
2025-02-11 12:15:52 - Error: Source file not found
2025-02-11 12:29:53 - Closing JPA EntityManagerFactory for persistence unit 'default'
2025-02-11 12:29:53 - HikariPool-1 - Shutdown initiated...
2025-02-11 12:29:53 - HikariPool-1 - Shutdown completed.
2025-02-11 13:38:09 - HV000001: Hibernate Validator 8.0.1.Final
2025-02-11 13:38:09 - Starting FileStorageServiceApplication using Java 17.0.13 with PID 13094 (/Users/edakocaman/Downloads/FileStorageService/build/classes/java/main started by edakocaman in /Users/edakocaman/Downloads/FileStorageService)
2025-02-11 13:38:09 - Running with Spring Boot v3.2.2, Spring v6.1.3
2025-02-11 13:38:09 - No active profile set, falling back to 1 default profile: "default"
2025-02-11 13:38:09 - Bootstrapping Spring Data JPA repositories in DEFAULT mode.
2025-02-11 13:38:09 - Finished Spring Data repository scanning in 105 ms. Found 4 JPA repository interfaces.
2025-02-11 13:38:09 - Tomcat initialized with port 8080 (http)
2025-02-11 13:38:09 - Initializing ProtocolHandler ["http-nio-8080"]
2025-02-11 13:38:09 - Starting service [Tomcat]
2025-02-11 13:38:09 - Starting Servlet engine: [Apache Tomcat/10.1.18]
2025-02-11 13:38:09 - Initializing Spring embedded WebApplicationContext
2025-02-11 13:38:09 - Root WebApplicationContext: initialization completed in 658 ms
2025-02-11 13:38:09 - HHH000204: Processing PersistenceUnitInfo [name: default]
2025-02-11 13:38:10 - HHH000412: Hibernate ORM core version 6.4.1.Final
2025-02-11 13:38:10 - HHH000026: Second-level cache disabled
2025-02-11 13:38:10 - No LoadTimeWeaver setup: ignoring JPA class transformer
2025-02-11 13:38:10 - HikariPool-1 - Starting...
2025-02-11 13:38:10 - HikariPool-1 - Added connection org.postgresql.jdbc.PgConnection@ff4b223
2025-02-11 13:38:10 - HikariPool-1 - Start completed.
2025-02-11 13:38:10 - HHH90000025: PostgreSQLDialect does not need to be specified explicitly using 'hibernate.dialect' (remove the property setting and it will be selected by default)
2025-02-11 13:38:10 - HHH000489: No JTA platform available (set 'hibernate.transaction.jta.platform' to enable JTA platform integration)
2025-02-11 13:38:11 - Initialized JPA EntityManagerFactory for persistence unit 'default'
2025-02-11 13:38:11 - FileUploadController loaded successfully.
2025-02-11 13:38:11 - spring.jpa.open-in-view is enabled by default. Therefore, database queries may be performed during view rendering. Explicitly configure spring.jpa.open-in-view to disable this warning
2025-02-11 13:38:11 - Starting ProtocolHandler ["http-nio-8080"]
2025-02-11 13:38:11 - Tomcat started on port 8080 (http) with context path ''
2025-02-11 13:38:11 - Started FileStorageServiceApplication in 2.563 seconds (process running for 2.71)
2025-02-11 13:38:11 - Initializing Spring DispatcherServlet 'dispatcherServlet'
2025-02-11 13:38:11 - Initializing Servlet 'dispatcherServlet'
2025-02-11 13:38:11 - Completed initialization in 1 ms
2025-02-11 13:38:12 - Init duration for springdoc-openapi is: 121 ms
2025-02-11 13:38:52 - Received request: fileGuid=9d411a62-1b54-49c2-b06e-1af20681ef17, targetDirectoryGuid=57e606c7-37ff-4abe-914c-3057def02ae4
2025-02-11 13:38:52 - Copy operation started. fileGuid: 9d411a62-1b54-49c2-b06e-1af20681ef17, targetDirectoryGuid: 57e606c7-37ff-4abe-914c-3057def02ae4
2025-02-11 13:38:52 - Target directory found: /Users/edakocaman/Downloads/FileStorageService/upload-dir/test17
2025-02-11 13:38:52 - Source file found: /Users/edakocaman/Downloads/FileStorageService/upload-dir/test12/test13/test14
2025-02-11 13:44:01 - HikariPool-1 - Thread starvation or clock leap detected (housekeeper delta=3m21s366ms).
2025-02-11 13:47:38 - Closing JPA EntityManagerFactory for persistence unit 'default'
2025-02-11 13:47:38 - HikariPool-1 - Shutdown initiated...
2025-02-11 13:47:38 - HikariPool-1 - Shutdown completed.
2025-02-11 15:58:57 - HV000001: Hibernate Validator 8.0.1.Final
2025-02-11 15:58:57 - Starting FileStorageServiceApplication using Java 17.0.13 with PID 14263 (/Users/edakocaman/Downloads/FileStorageService/build/classes/java/main started by edakocaman in /Users/edakocaman/Downloads/FileStorageService)
2025-02-11 15:58:57 - Running with Spring Boot v3.2.2, Spring v6.1.3
2025-02-11 15:58:57 - No active profile set, falling back to 1 default profile: "default"
2025-02-11 15:58:57 - Bootstrapping Spring Data JPA repositories in DEFAULT mode.
2025-02-11 15:58:57 - Finished Spring Data repository scanning in 68 ms. Found 4 JPA repository interfaces.
2025-02-11 15:58:58 - Tomcat initialized with port 8080 (http)
2025-02-11 15:58:58 - Initializing ProtocolHandler ["http-nio-8080"]
2025-02-11 15:58:58 - Starting service [Tomcat]
2025-02-11 15:58:58 - Starting Servlet engine: [Apache Tomcat/10.1.18]
2025-02-11 15:58:58 - Initializing Spring embedded WebApplicationContext
2025-02-11 15:58:58 - Root WebApplicationContext: initialization completed in 614 ms
2025-02-11 15:58:58 - HHH000204: Processing PersistenceUnitInfo [name: default]
2025-02-11 15:58:58 - HHH000412: Hibernate ORM core version 6.4.1.Final
2025-02-11 15:58:58 - HHH000026: Second-level cache disabled
2025-02-11 15:58:58 - No LoadTimeWeaver setup: ignoring JPA class transformer
2025-02-11 15:58:58 - HikariPool-1 - Starting...
2025-02-11 15:58:58 - HikariPool-1 - Added connection org.postgresql.jdbc.PgConnection@51b51641
2025-02-11 15:58:58 - HikariPool-1 - Start completed.
2025-02-11 15:58:58 - HHH90000025: PostgreSQLDialect does not need to be specified explicitly using 'hibernate.dialect' (remove the property setting and it will be selected by default)
2025-02-11 15:58:58 - HHH000489: No JTA platform available (set 'hibernate.transaction.jta.platform' to enable JTA platform integration)
2025-02-11 15:58:58 - Initialized JPA EntityManagerFactory for persistence unit 'default'
2025-02-11 15:58:59 - FileUploadController loaded successfully.
2025-02-11 15:58:59 - spring.jpa.open-in-view is enabled by default. Therefore, database queries may be performed during view rendering. Explicitly configure spring.jpa.open-in-view to disable this warning
2025-02-11 15:58:59 - Starting ProtocolHandler ["http-nio-8080"]
2025-02-11 15:58:59 - Tomcat started on port 8080 (http) with context path ''
2025-02-11 15:58:59 - Started FileStorageServiceApplication in 2.14 seconds (process running for 2.293)
2025-02-11 15:59:00 - Initializing Spring DispatcherServlet 'dispatcherServlet'
2025-02-11 15:59:00 - Initializing Servlet 'dispatcherServlet'
2025-02-11 15:59:00 - Completed initialization in 1 ms
2025-02-11 15:59:00 - Init duration for springdoc-openapi is: 117 ms
2025-02-11 15:59:32 - Received request: fileGuid=57e606c7-37ff-4abe-914c-3057def02ae4, targetDirectoryGuid=9d411a62-1b54-49c2-b06e-1af20681ef17
2025-02-11 15:59:32 - Copy operation started. fileGuid: 57e606c7-37ff-4abe-914c-3057def02ae4, targetDirectoryGuid: 9d411a62-1b54-49c2-b06e-1af20681ef17
2025-02-11 15:59:32 - Target directory not found: 9d411a62-1b54-49c2-b06e-1af20681ef17
2025-02-11 15:59:32 - Error: Target directory not found
2025-02-11 16:42:15 - Closing JPA EntityManagerFactory for persistence unit 'default'
2025-02-11 16:42:15 - HikariPool-1 - Shutdown initiated...
2025-02-11 16:42:15 - HikariPool-1 - Shutdown completed.
2025-02-11 16:46:02 - HV000001: Hibernate Validator 8.0.1.Final
2025-02-11 16:46:02 - Starting FileStorageServiceApplication using Java 17.0.13 with PID 15737 (/Users/edakocaman/Downloads/FileStorageService/build/classes/java/main started by edakocaman in /Users/edakocaman/Downloads/FileStorageService)
2025-02-11 16:46:02 - Running with Spring Boot v3.2.2, Spring v6.1.3
2025-02-11 16:46:02 - No active profile set, falling back to 1 default profile: "default"
2025-02-11 16:46:02 - Bootstrapping Spring Data JPA repositories in DEFAULT mode.
2025-02-11 16:46:02 - Finished Spring Data repository scanning in 67 ms. Found 4 JPA repository interfaces.
2025-02-11 16:46:02 - Tomcat initialized with port 8080 (http)
2025-02-11 16:46:02 - Initializing ProtocolHandler ["http-nio-8080"]
2025-02-11 16:46:02 - Starting service [Tomcat]
2025-02-11 16:46:02 - Starting Servlet engine: [Apache Tomcat/10.1.18]
2025-02-11 16:46:02 - Initializing Spring embedded WebApplicationContext
2025-02-11 16:46:02 - Root WebApplicationContext: initialization completed in 586 ms
2025-02-11 16:46:02 - HHH000204: Processing PersistenceUnitInfo [name: default]
2025-02-11 16:46:02 - HHH000412: Hibernate ORM core version 6.4.1.Final
2025-02-11 16:46:02 - HHH000026: Second-level cache disabled
2025-02-11 16:46:02 - No LoadTimeWeaver setup: ignoring JPA class transformer
2025-02-11 16:46:02 - HikariPool-1 - Starting...
2025-02-11 16:46:03 - HikariPool-1 - Added connection org.postgresql.jdbc.PgConnection@78bad03b
2025-02-11 16:46:03 - HikariPool-1 - Start completed.
2025-02-11 16:46:03 - HHH90000025: PostgreSQLDialect does not need to be specified explicitly using 'hibernate.dialect' (remove the property setting and it will be selected by default)
2025-02-11 16:46:03 - HHH000489: No JTA platform available (set 'hibernate.transaction.jta.platform' to enable JTA platform integration)
2025-02-11 16:46:03 - Initialized JPA EntityManagerFactory for persistence unit 'default'
2025-02-11 16:46:03 - FileUploadController loaded successfully.
2025-02-11 16:46:03 - spring.jpa.open-in-view is enabled by default. Therefore, database queries may be performed during view rendering. Explicitly configure spring.jpa.open-in-view to disable this warning
2025-02-11 16:46:03 - Starting ProtocolHandler ["http-nio-8080"]
2025-02-11 16:46:03 - Tomcat started on port 8080 (http) with context path ''
2025-02-11 16:46:03 - Started FileStorageServiceApplication in 2.039 seconds (process running for 2.182)
2025-02-11 16:46:15 - Initializing Spring DispatcherServlet 'dispatcherServlet'
2025-02-11 16:46:15 - Initializing Servlet 'dispatcherServlet'
2025-02-11 16:46:15 - Completed initialization in 5 ms
2025-02-11 16:46:16 - Init duration for springdoc-openapi is: 135 ms
2025-02-11 16:47:18 - Received request: fileGuid=57e606c7-37ff-4abe-914c-3057def02ae4, targetDirectoryGuid=9d411a62-1b54-49c2-b06e-1af20681ef17
2025-02-11 16:47:18 - Copy operation started. fileGuid: 57e606c7-37ff-4abe-914c-3057def02ae4, targetDirectoryGuid: 9d411a62-1b54-49c2-b06e-1af20681ef17
2025-02-11 16:47:18 - Target directory not found: 9d411a62-1b54-49c2-b06e-1af20681ef17
2025-02-11 16:47:18 - Error: Target directory not found
2025-02-11 16:47:57 - Received request: fileGuid=9d411a62-1b54-49c2-b06e-1af20681ef17, targetDirectoryGuid=57e606c7-37ff-4abe-914c-3057def02ae4
2025-02-11 16:47:57 - Copy operation started. fileGuid: 9d411a62-1b54-49c2-b06e-1af20681ef17, targetDirectoryGuid: 57e606c7-37ff-4abe-914c-3057def02ae4
2025-02-11 16:47:57 - Target directory found: /Users/edakocaman/Downloads/FileStorageService/upload-dir/test17
2025-02-11 16:47:57 - Source file found: /Users/edakocaman/Downloads/FileStorageService/upload-dir/test12/test13/test14
2025-02-11 16:47:57 - Source path is not a file: /Users/edakocaman/Downloads/FileStorageService/upload-dir/test12/test13/test14
2025-02-11 16:47:57 - Error: Source path is not a file: /Users/edakocaman/Downloads/FileStorageService/upload-dir/test12/test13/test14
2025-02-11 16:51:25 - Received request: fileGuid=d0947e79-d018-471c-8b53-551e1b391f64, targetDirectoryGuid=57e606c7-37ff-4abe-914c-3057def02ae4
2025-02-11 16:51:25 - Copy operation started. fileGuid: d0947e79-d018-471c-8b53-551e1b391f64, targetDirectoryGuid: 57e606c7-37ff-4abe-914c-3057def02ae4
2025-02-11 16:51:25 - Target directory found: /Users/edakocaman/Downloads/FileStorageService/upload-dir/test17
2025-02-11 16:51:25 - Source file found: /Users/edakocaman/Downloads/FileStorageService/upload-dir/test8
2025-02-11 16:51:25 - Source path is not a file: /Users/edakocaman/Downloads/FileStorageService/upload-dir/test8
2025-02-11 16:51:25 - Error: Source path is not a file: /Users/edakocaman/Downloads/FileStorageService/upload-dir/test8
2025-02-11 16:54:05 - Closing JPA EntityManagerFactory for persistence unit 'default'
2025-02-11 16:54:05 - HikariPool-1 - Shutdown initiated...
2025-02-11 16:54:05 - HikariPool-1 - Shutdown completed.
2025-02-11 21:21:04 - HV000001: Hibernate Validator 8.0.1.Final
2025-02-11 21:21:04 - Starting FileStorageServiceApplication using Java 17.0.13 with PID 22221 (/Users/edakocaman/Downloads/FileStorageService/build/classes/java/main started by edakocaman in /Users/edakocaman/Downloads/FileStorageService)
2025-02-11 21:21:04 - Running with Spring Boot v3.2.2, Spring v6.1.3
2025-02-11 21:21:04 - No active profile set, falling back to 1 default profile: "default"
2025-02-11 21:21:05 - Bootstrapping Spring Data JPA repositories in DEFAULT mode.
2025-02-11 21:21:05 - Finished Spring Data repository scanning in 71 ms. Found 4 JPA repository interfaces.
2025-02-11 21:21:05 - Tomcat initialized with port 8080 (http)
2025-02-11 21:21:05 - Initializing ProtocolHandler ["http-nio-8080"]
2025-02-11 21:21:05 - Starting service [Tomcat]
2025-02-11 21:21:05 - Starting Servlet engine: [Apache Tomcat/10.1.18]
2025-02-11 21:21:05 - Initializing Spring embedded WebApplicationContext
2025-02-11 21:21:05 - Root WebApplicationContext: initialization completed in 600 ms
2025-02-11 21:21:05 - HHH000204: Processing PersistenceUnitInfo [name: default]
2025-02-11 21:21:05 - HHH000412: Hibernate ORM core version 6.4.1.Final
2025-02-11 21:21:05 - HHH000026: Second-level cache disabled
2025-02-11 21:21:05 - No LoadTimeWeaver setup: ignoring JPA class transformer
2025-02-11 21:21:05 - HikariPool-1 - Starting...
2025-02-11 21:21:05 - HikariPool-1 - Added connection org.postgresql.jdbc.PgConnection@56266bda
2025-02-11 21:21:05 - HikariPool-1 - Start completed.
2025-02-11 21:21:05 - HHH90000025: PostgreSQLDialect does not need to be specified explicitly using 'hibernate.dialect' (remove the property setting and it will be selected by default)
2025-02-11 21:21:06 - HHH000489: No JTA platform available (set 'hibernate.transaction.jta.platform' to enable JTA platform integration)
2025-02-11 21:21:06 - Initialized JPA EntityManagerFactory for persistence unit 'default'
2025-02-11 21:21:06 - FileUploadController loaded successfully.
2025-02-11 21:21:06 - spring.jpa.open-in-view is enabled by default. Therefore, database queries may be performed during view rendering. Explicitly configure spring.jpa.open-in-view to disable this warning
2025-02-11 21:21:06 - Starting ProtocolHandler ["http-nio-8080"]
2025-02-11 21:21:06 - Tomcat started on port 8080 (http) with context path ''
2025-02-11 21:21:06 - Started FileStorageServiceApplication in 2.048 seconds (process running for 2.207)
2025-02-11 21:21:11 - Initializing Spring DispatcherServlet 'dispatcherServlet'
2025-02-11 21:21:11 - Initializing Servlet 'dispatcherServlet'
2025-02-11 21:21:11 - Completed initialization in 5 ms
2025-02-11 21:21:11 - Init duration for springdoc-openapi is: 128 ms
2025-02-11 21:22:20 - Received request: fileGuid=9d411a62-1b54-49c2-b06e-1af20681ef17, targetDirectoryGuid=57e606c7-37ff-4abe-914c-3057def02ae4
2025-02-11 21:22:20 - Received request: fileGuid=9d411a62-1b54-49c2-b06e-1af20681ef17, targetDirectoryGuid=57e606c7-37ff-4abe-914c-3057def02ae4
2025-02-11 21:22:20 - Copy operation started. fileGuid: 9d411a62-1b54-49c2-b06e-1af20681ef17, targetDirectoryGuid: 57e606c7-37ff-4abe-914c-3057def02ae4
2025-02-11 21:22:20 - Target directory found: /Users/edakocaman/Downloads/FileStorageService/upload-dir/test17
2025-02-11 21:22:20 - Source file found: /Users/edakocaman/Downloads/FileStorageService/upload-dir/test12/test13/test14
2025-02-11 21:22:20 - Invalid source file: /Users/edakocaman/Downloads/FileStorageService/upload-dir/test12/test13/test14
2025-02-11 21:22:20 - Error: Invalid source file: /Users/edakocaman/Downloads/FileStorageService/upload-dir/test12/test13/test14
2025-02-11 21:22:44 - Received request: fileGuid=57e606c7-37ff-4abe-914c-3057def02ae4, targetDirectoryGuid=9d411a62-1b54-49c2-b06e-1af20681ef17
2025-02-11 21:22:44 - Received request: fileGuid=57e606c7-37ff-4abe-914c-3057def02ae4, targetDirectoryGuid=9d411a62-1b54-49c2-b06e-1af20681ef17
2025-02-11 21:22:44 - Copy operation started. fileGuid: 57e606c7-37ff-4abe-914c-3057def02ae4, targetDirectoryGuid: 9d411a62-1b54-49c2-b06e-1af20681ef17
2025-02-11 21:22:44 - Target directory not found: 9d411a62-1b54-49c2-b06e-1af20681ef17
2025-02-11 21:22:44 - Error: Target directory not found
2025-02-11 21:44:24 - HikariPool-1 - Thread starvation or clock leap detected (housekeeper delta=7m48s852ms).
2025-02-11 21:46:52 - HikariPool-1 - Thread starvation or clock leap detected (housekeeper delta=2m28s8ms).
2025-02-11 22:03:54 - Closing JPA EntityManagerFactory for persistence unit 'default'
2025-02-11 22:03:54 - HikariPool-1 - Shutdown initiated...
2025-02-11 22:03:54 - HikariPool-1 - Shutdown completed.
2025-02-11 22:04:04 - HV000001: Hibernate Validator 8.0.1.Final
2025-02-11 22:04:04 - Starting FileStorageServiceApplication using Java 17.0.13 with PID 23665 (/Users/edakocaman/Downloads/FileStorageService/build/classes/java/main started by edakocaman in /Users/edakocaman/Downloads/FileStorageService)
2025-02-11 22:04:04 - Running with Spring Boot v3.2.2, Spring v6.1.3
2025-02-11 22:04:04 - No active profile set, falling back to 1 default profile: "default"
2025-02-11 22:04:05 - Bootstrapping Spring Data JPA repositories in DEFAULT mode.
2025-02-11 22:04:05 - Finished Spring Data repository scanning in 68 ms. Found 4 JPA repository interfaces.
2025-02-11 22:04:05 - Tomcat initialized with port 8080 (http)
2025-02-11 22:04:05 - Initializing ProtocolHandler ["http-nio-8080"]
2025-02-11 22:04:05 - Starting service [Tomcat]
2025-02-11 22:04:05 - Starting Servlet engine: [Apache Tomcat/10.1.18]
2025-02-11 22:04:05 - Initializing Spring embedded WebApplicationContext
2025-02-11 22:04:05 - Root WebApplicationContext: initialization completed in 583 ms
2025-02-11 22:04:05 - HHH000204: Processing PersistenceUnitInfo [name: default]
2025-02-11 22:04:05 - HHH000412: Hibernate ORM core version 6.4.1.Final
2025-02-11 22:04:05 - HHH000026: Second-level cache disabled
2025-02-11 22:04:05 - No LoadTimeWeaver setup: ignoring JPA class transformer
2025-02-11 22:04:05 - HikariPool-1 - Starting...
2025-02-11 22:04:05 - HikariPool-1 - Added connection org.postgresql.jdbc.PgConnection@52f43225
2025-02-11 22:04:05 - HikariPool-1 - Start completed.
2025-02-11 22:04:05 - HHH90000025: PostgreSQLDialect does not need to be specified explicitly using 'hibernate.dialect' (remove the property setting and it will be selected by default)
2025-02-11 22:04:06 - HHH000489: No JTA platform available (set 'hibernate.transaction.jta.platform' to enable JTA platform integration)
2025-02-11 22:04:06 - Initialized JPA EntityManagerFactory for persistence unit 'default'
2025-02-11 22:04:06 - Exception encountered during context initialization - cancelling refresh attempt: org.springframework.beans.factory.UnsatisfiedDependencyException: Error creating bean with name 'fileCopyController' defined in file [/Users/edakocaman/Downloads/FileStorageService/build/classes/java/main/com/example/FileStorageService/controller/FileCopyController.class]: Unsatisfied dependency expressed through constructor parameter 0: Error creating bean with name 'fileCopyService' defined in file [/Users/edakocaman/Downloads/FileStorageService/build/classes/java/main/com/example/FileStorageService/service/FileCopyService.class]: Unsatisfied dependency expressed through constructor parameter 5: No qualifying bean of type 'java.nio.file.Path' available: expected at least 1 bean which qualifies as autowire candidate. Dependency annotations: {}
2025-02-11 22:04:06 - Closing JPA EntityManagerFactory for persistence unit 'default'
2025-02-11 22:04:06 - HikariPool-1 - Shutdown initiated...
2025-02-11 22:04:06 - HikariPool-1 - Shutdown completed.
2025-02-11 22:04:06 - Stopping service [Tomcat]
2025-02-11 22:04:06 - 

Error starting ApplicationContext. To display the condition evaluation report re-run your application with 'debug' enabled.
2025-02-11 22:04:06 - 

***************************
APPLICATION FAILED TO START
***************************

Description:

Parameter 5 of constructor in com.example.FileStorageService.service.FileCopyService required a bean of type 'java.nio.file.Path' that could not be found.


Action:

Consider defining a bean of type 'java.nio.file.Path' in your configuration.

2025-02-11 22:12:56 - HV000001: Hibernate Validator 8.0.1.Final
2025-02-11 22:12:56 - Starting FileStorageServiceApplication using Java 17.0.13 with PID 23970 (/Users/edakocaman/Downloads/FileStorageService/build/classes/java/main started by edakocaman in /Users/edakocaman/Downloads/FileStorageService)
2025-02-11 22:12:56 - Running with Spring Boot v3.2.2, Spring v6.1.3
2025-02-11 22:12:56 - No active profile set, falling back to 1 default profile: "default"
2025-02-11 22:12:57 - Bootstrapping Spring Data JPA repositories in DEFAULT mode.
2025-02-11 22:12:57 - Finished Spring Data repository scanning in 73 ms. Found 4 JPA repository interfaces.
2025-02-11 22:12:57 - Tomcat initialized with port 8080 (http)
2025-02-11 22:12:57 - Initializing ProtocolHandler ["http-nio-8080"]
2025-02-11 22:12:57 - Starting service [Tomcat]
2025-02-11 22:12:57 - Starting Servlet engine: [Apache Tomcat/10.1.18]
2025-02-11 22:12:57 - Initializing Spring embedded WebApplicationContext
2025-02-11 22:12:57 - Root WebApplicationContext: initialization completed in 608 ms
2025-02-11 22:12:57 - HHH000204: Processing PersistenceUnitInfo [name: default]
2025-02-11 22:12:57 - HHH000412: Hibernate ORM core version 6.4.1.Final
2025-02-11 22:12:57 - HHH000026: Second-level cache disabled
2025-02-11 22:12:57 - No LoadTimeWeaver setup: ignoring JPA class transformer
2025-02-11 22:12:57 - HikariPool-1 - Starting...
2025-02-11 22:12:57 - HikariPool-1 - Added connection org.postgresql.jdbc.PgConnection@362a6aa5
2025-02-11 22:12:57 - HikariPool-1 - Start completed.
2025-02-11 22:12:57 - HHH90000025: PostgreSQLDialect does not need to be specified explicitly using 'hibernate.dialect' (remove the property setting and it will be selected by default)
2025-02-11 22:12:58 - HHH000489: No JTA platform available (set 'hibernate.transaction.jta.platform' to enable JTA platform integration)
2025-02-11 22:12:58 - Initialized JPA EntityManagerFactory for persistence unit 'default'
2025-02-11 22:12:58 - FileUploadController loaded successfully.
2025-02-11 22:12:58 - spring.jpa.open-in-view is enabled by default. Therefore, database queries may be performed during view rendering. Explicitly configure spring.jpa.open-in-view to disable this warning
2025-02-11 22:12:58 - Starting ProtocolHandler ["http-nio-8080"]
2025-02-11 22:12:58 - Tomcat started on port 8080 (http) with context path ''
2025-02-11 22:12:58 - Started FileStorageServiceApplication in 2.144 seconds (process running for 2.288)
2025-02-11 22:13:03 - Closing JPA EntityManagerFactory for persistence unit 'default'
2025-02-11 22:13:03 - HikariPool-1 - Shutdown initiated...
2025-02-11 22:13:03 - HikariPool-1 - Shutdown completed.
2025-02-11 22:29:05 - HV000001: Hibernate Validator 8.0.1.Final
2025-02-11 22:29:05 - Starting FileStorageServiceApplication using Java 17.0.13 with PID 24578 (/Users/edakocaman/Downloads/FileStorageService/build/classes/java/main started by edakocaman in /Users/edakocaman/Downloads/FileStorageService)
2025-02-11 22:29:05 - Running with Spring Boot v3.2.2, Spring v6.1.3
2025-02-11 22:29:05 - No active profile set, falling back to 1 default profile: "default"
2025-02-11 22:29:06 - Bootstrapping Spring Data JPA repositories in DEFAULT mode.
2025-02-11 22:29:06 - Finished Spring Data repository scanning in 68 ms. Found 4 JPA repository interfaces.
2025-02-11 22:29:06 - Tomcat initialized with port 8080 (http)
2025-02-11 22:29:06 - Initializing ProtocolHandler ["http-nio-8080"]
2025-02-11 22:29:06 - Starting service [Tomcat]
2025-02-11 22:29:06 - Starting Servlet engine: [Apache Tomcat/10.1.18]
2025-02-11 22:29:06 - Initializing Spring embedded WebApplicationContext
2025-02-11 22:29:06 - Root WebApplicationContext: initialization completed in 592 ms
2025-02-11 22:29:06 - HHH000204: Processing PersistenceUnitInfo [name: default]
2025-02-11 22:29:06 - HHH000412: Hibernate ORM core version 6.4.1.Final
2025-02-11 22:29:06 - HHH000026: Second-level cache disabled
2025-02-11 22:29:06 - No LoadTimeWeaver setup: ignoring JPA class transformer
2025-02-11 22:29:06 - HikariPool-1 - Starting...
2025-02-11 22:29:06 - HikariPool-1 - Added connection org.postgresql.jdbc.PgConnection@365e65bb
2025-02-11 22:29:06 - HikariPool-1 - Start completed.
2025-02-11 22:29:06 - HHH90000025: PostgreSQLDialect does not need to be specified explicitly using 'hibernate.dialect' (remove the property setting and it will be selected by default)
2025-02-11 22:29:07 - HHH000489: No JTA platform available (set 'hibernate.transaction.jta.platform' to enable JTA platform integration)
2025-02-11 22:29:07 - Initialized JPA EntityManagerFactory for persistence unit 'default'
2025-02-11 22:29:07 - FileUploadController loaded successfully.
2025-02-11 22:29:07 - spring.jpa.open-in-view is enabled by default. Therefore, database queries may be performed during view rendering. Explicitly configure spring.jpa.open-in-view to disable this warning
2025-02-11 22:29:07 - Starting ProtocolHandler ["http-nio-8080"]
2025-02-11 22:29:07 - Tomcat started on port 8080 (http) with context path ''
2025-02-11 22:29:07 - Started FileStorageServiceApplication in 2.162 seconds (process running for 2.311)
2025-02-11 22:29:13 - Initializing Spring DispatcherServlet 'dispatcherServlet'
2025-02-11 22:29:13 - Initializing Servlet 'dispatcherServlet'
2025-02-11 22:29:13 - Completed initialization in 3 ms
2025-02-11 22:29:14 - Init duration for springdoc-openapi is: 126 ms
2025-02-11 22:31:02 - Received request: fileGuid=9d411a62-1b54-49c2-b06e-1af20681ef17, targetDirectoryGuid=5f0f52be-33d4-48aa-a027-5994596b4da0
2025-02-11 22:31:02 - Received request: fileGuid=9d411a62-1b54-49c2-b06e-1af20681ef17, targetDirectoryGuid=5f0f52be-33d4-48aa-a027-5994596b4da0
2025-02-11 22:31:02 - Copy operation started. fileGuid: 9d411a62-1b54-49c2-b06e-1af20681ef17, targetDirectoryGuid: 5f0f52be-33d4-48aa-a027-5994596b4da0
2025-02-11 22:31:02 - Target directory found: /Users/edakocaman/Downloads/FileStorageService/upload-dir/test9
2025-02-11 22:31:02 - Source file found: /Users/edakocaman/Downloads/FileStorageService/upload-dir/test12/test13/test14
2025-02-11 22:40:10 - Closing JPA EntityManagerFactory for persistence unit 'default'
2025-02-11 22:40:10 - HikariPool-1 - Shutdown initiated...
2025-02-11 22:40:10 - HikariPool-1 - Shutdown completed.
2025-02-11 22:40:14 - HV000001: Hibernate Validator 8.0.1.Final
2025-02-11 22:40:14 - Starting FileStorageServiceApplication using Java 17.0.13 with PID 24936 (/Users/edakocaman/Downloads/FileStorageService/build/classes/java/main started by edakocaman in /Users/edakocaman/Downloads/FileStorageService)
2025-02-11 22:40:14 - Running with Spring Boot v3.2.2, Spring v6.1.3
2025-02-11 22:40:14 - No active profile set, falling back to 1 default profile: "default"
2025-02-11 22:40:14 - Bootstrapping Spring Data JPA repositories in DEFAULT mode.
2025-02-11 22:40:14 - Finished Spring Data repository scanning in 70 ms. Found 4 JPA repository interfaces.
2025-02-11 22:40:14 - Tomcat initialized with port 8080 (http)
2025-02-11 22:40:14 - Initializing ProtocolHandler ["http-nio-8080"]
2025-02-11 22:40:14 - Starting service [Tomcat]
2025-02-11 22:40:14 - Starting Servlet engine: [Apache Tomcat/10.1.18]
2025-02-11 22:40:14 - Initializing Spring embedded WebApplicationContext
2025-02-11 22:40:14 - Root WebApplicationContext: initialization completed in 592 ms
2025-02-11 22:40:14 - HHH000204: Processing PersistenceUnitInfo [name: default]
2025-02-11 22:40:14 - HHH000412: Hibernate ORM core version 6.4.1.Final
2025-02-11 22:40:14 - HHH000026: Second-level cache disabled
2025-02-11 22:40:15 - No LoadTimeWeaver setup: ignoring JPA class transformer
2025-02-11 22:40:15 - HikariPool-1 - Starting...
2025-02-11 22:40:15 - HikariPool-1 - Added connection org.postgresql.jdbc.PgConnection@56266bda
2025-02-11 22:40:15 - HikariPool-1 - Start completed.
2025-02-11 22:40:15 - HHH90000025: PostgreSQLDialect does not need to be specified explicitly using 'hibernate.dialect' (remove the property setting and it will be selected by default)
2025-02-11 22:40:15 - HHH000489: No JTA platform available (set 'hibernate.transaction.jta.platform' to enable JTA platform integration)
2025-02-11 22:40:15 - Initialized JPA EntityManagerFactory for persistence unit 'default'
2025-02-11 22:40:15 - FileUploadController loaded successfully.
2025-02-11 22:40:15 - spring.jpa.open-in-view is enabled by default. Therefore, database queries may be performed during view rendering. Explicitly configure spring.jpa.open-in-view to disable this warning
2025-02-11 22:40:16 - Starting ProtocolHandler ["http-nio-8080"]
2025-02-11 22:40:16 - Tomcat started on port 8080 (http) with context path ''
2025-02-11 22:40:16 - Started FileStorageServiceApplication in 2.11 seconds (process running for 2.259)
2025-02-11 22:40:26 - Initializing Spring DispatcherServlet 'dispatcherServlet'
2025-02-11 22:40:26 - Initializing Servlet 'dispatcherServlet'
2025-02-11 22:40:26 - Completed initialization in 8 ms
2025-02-11 22:40:26 - Init duration for springdoc-openapi is: 125 ms
2025-02-11 22:41:19 - Received request: fileGuid=2bf3c816-41f3-43ce-8bda-4c9aa319b52a, targetDirectoryGuid=c1de5aff-5daa-4eae-bb82-91081820682f
2025-02-11 22:41:19 - Received request: fileGuid=2bf3c816-41f3-43ce-8bda-4c9aa319b52a, targetDirectoryGuid=c1de5aff-5daa-4eae-bb82-91081820682f
2025-02-11 22:41:19 - Copy operation started. fileGuid: 2bf3c816-41f3-43ce-8bda-4c9aa319b52a, targetDirectoryGuid: c1de5aff-5daa-4eae-bb82-91081820682f
2025-02-11 22:41:19 - Target directory found: /Users/edakocaman/Downloads/FileStorageService/upload-dir/test10
2025-02-11 22:41:19 - Source file found: /Users/edakocaman/Downloads/FileStorageService/upload-dir/test12/test13
2025-02-11 22:43:54 - Closing JPA EntityManagerFactory for persistence unit 'default'
2025-02-11 22:43:54 - HikariPool-1 - Shutdown initiated...
2025-02-11 22:43:54 - HikariPool-1 - Shutdown completed.
2025-02-11 22:43:57 - HV000001: Hibernate Validator 8.0.1.Final
2025-02-11 22:43:57 - Starting FileStorageServiceApplication using Java 17.0.13 with PID 25063 (/Users/edakocaman/Downloads/FileStorageService/build/classes/java/main started by edakocaman in /Users/edakocaman/Downloads/FileStorageService)
2025-02-11 22:43:57 - Running with Spring Boot v3.2.2, Spring v6.1.3
2025-02-11 22:43:57 - No active profile set, falling back to 1 default profile: "default"
2025-02-11 22:43:58 - Bootstrapping Spring Data JPA repositories in DEFAULT mode.
2025-02-11 22:43:58 - Finished Spring Data repository scanning in 66 ms. Found 4 JPA repository interfaces.
2025-02-11 22:43:58 - Tomcat initialized with port 8080 (http)
2025-02-11 22:43:58 - Initializing ProtocolHandler ["http-nio-8080"]
2025-02-11 22:43:58 - Starting service [Tomcat]
2025-02-11 22:43:58 - Starting Servlet engine: [Apache Tomcat/10.1.18]
2025-02-11 22:43:58 - Initializing Spring embedded WebApplicationContext
2025-02-11 22:43:58 - Root WebApplicationContext: initialization completed in 615 ms
2025-02-11 22:43:58 - HHH000204: Processing PersistenceUnitInfo [name: default]
2025-02-11 22:43:58 - HHH000412: Hibernate ORM core version 6.4.1.Final
2025-02-11 22:43:58 - HHH000026: Second-level cache disabled
2025-02-11 22:43:58 - No LoadTimeWeaver setup: ignoring JPA class transformer
2025-02-11 22:43:58 - HikariPool-1 - Starting...
2025-02-11 22:43:58 - HikariPool-1 - Added connection org.postgresql.jdbc.PgConnection@9f1ca74
2025-02-11 22:43:58 - HikariPool-1 - Start completed.
2025-02-11 22:43:58 - HHH90000025: PostgreSQLDialect does not need to be specified explicitly using 'hibernate.dialect' (remove the property setting and it will be selected by default)
2025-02-11 22:43:59 - HHH000489: No JTA platform available (set 'hibernate.transaction.jta.platform' to enable JTA platform integration)
2025-02-11 22:43:59 - Initialized JPA EntityManagerFactory for persistence unit 'default'
2025-02-11 22:43:59 - FileUploadController loaded successfully.
2025-02-11 22:43:59 - spring.jpa.open-in-view is enabled by default. Therefore, database queries may be performed during view rendering. Explicitly configure spring.jpa.open-in-view to disable this warning
2025-02-11 22:43:59 - Starting ProtocolHandler ["http-nio-8080"]
2025-02-11 22:43:59 - Tomcat started on port 8080 (http) with context path ''
2025-02-11 22:43:59 - Started FileStorageServiceApplication in 2.117 seconds (process running for 2.264)
2025-02-11 22:44:22 - Initializing Spring DispatcherServlet 'dispatcherServlet'
2025-02-11 22:44:22 - Initializing Servlet 'dispatcherServlet'
2025-02-11 22:44:22 - Completed initialization in 1 ms
2025-02-11 22:44:22 - Init duration for springdoc-openapi is: 140 ms
2025-02-11 22:45:42 - Received request: fileGuid=2bf3c816-41f3-43ce-8bda-4c9aa319b52a, targetDirectoryGuid=c1de5aff-5daa-4eae-bb82-91081820682f
2025-02-11 22:45:42 - Received request: fileGuid=2bf3c816-41f3-43ce-8bda-4c9aa319b52a, targetDirectoryGuid=c1de5aff-5daa-4eae-bb82-91081820682f
2025-02-11 22:45:42 - Copy operation started. fileGuid: 2bf3c816-41f3-43ce-8bda-4c9aa319b52a, targetDirectoryGuid: c1de5aff-5daa-4eae-bb82-91081820682f
2025-02-11 22:45:42 - Target directory found: /Users/edakocaman/Downloads/FileStorageService/upload-dir/test10
2025-02-11 22:45:42 - Source file found: /Users/edakocaman/Downloads/FileStorageService/upload-dir/test12/test13
2025-02-11 22:45:42 - Source is not a valid file: /Users/edakocaman/Downloads/FileStorageService/upload-dir/test12/test13
2025-02-11 22:45:42 - Error: Source is not a valid file: /Users/edakocaman/Downloads/FileStorageService/upload-dir/test12/test13
2025-02-11 22:52:14 - HikariPool-1 - Thread starvation or clock leap detected (housekeeper delta=2m45s537ms).
2025-02-11 22:53:16 - Closing JPA EntityManagerFactory for persistence unit 'default'
2025-02-11 22:53:16 - HikariPool-1 - Shutdown initiated...
2025-02-11 22:53:16 - HikariPool-1 - Shutdown completed.
2025-02-11 22:55:44 - HV000001: Hibernate Validator 8.0.1.Final
2025-02-11 22:55:44 - Starting FileStorageServiceApplication using Java 17.0.13 with PID 25428 (/Users/edakocaman/Downloads/FileStorageService/build/classes/java/main started by edakocaman in /Users/edakocaman/Downloads/FileStorageService)
2025-02-11 22:55:44 - Running with Spring Boot v3.2.2, Spring v6.1.3
2025-02-11 22:55:44 - No active profile set, falling back to 1 default profile: "default"
2025-02-11 22:55:44 - Bootstrapping Spring Data JPA repositories in DEFAULT mode.
2025-02-11 22:55:44 - Finished Spring Data repository scanning in 76 ms. Found 4 JPA repository interfaces.
2025-02-11 22:55:45 - Tomcat initialized with port 8080 (http)
2025-02-11 22:55:45 - Initializing ProtocolHandler ["http-nio-8080"]
2025-02-11 22:55:45 - Starting service [Tomcat]
2025-02-11 22:55:45 - Starting Servlet engine: [Apache Tomcat/10.1.18]
2025-02-11 22:55:45 - Initializing Spring embedded WebApplicationContext
2025-02-11 22:55:45 - Root WebApplicationContext: initialization completed in 609 ms
2025-02-11 22:55:45 - HHH000204: Processing PersistenceUnitInfo [name: default]
2025-02-11 22:55:45 - HHH000412: Hibernate ORM core version 6.4.1.Final
2025-02-11 22:55:45 - HHH000026: Second-level cache disabled
2025-02-11 22:55:45 - No LoadTimeWeaver setup: ignoring JPA class transformer
2025-02-11 22:55:45 - HikariPool-1 - Starting...
2025-02-11 22:55:45 - HikariPool-1 - Added connection org.postgresql.jdbc.PgConnection@26101efc
2025-02-11 22:55:45 - HikariPool-1 - Start completed.
2025-02-11 22:55:45 - HHH90000025: PostgreSQLDialect does not need to be specified explicitly using 'hibernate.dialect' (remove the property setting and it will be selected by default)
2025-02-11 22:55:45 - HHH000489: No JTA platform available (set 'hibernate.transaction.jta.platform' to enable JTA platform integration)
2025-02-11 22:55:45 - Initialized JPA EntityManagerFactory for persistence unit 'default'
2025-02-11 22:55:46 - FileUploadController loaded successfully.
2025-02-11 22:55:46 - spring.jpa.open-in-view is enabled by default. Therefore, database queries may be performed during view rendering. Explicitly configure spring.jpa.open-in-view to disable this warning
2025-02-11 22:55:46 - Starting ProtocolHandler ["http-nio-8080"]
2025-02-11 22:55:46 - Tomcat started on port 8080 (http) with context path ''
2025-02-11 22:55:46 - Started FileStorageServiceApplication in 2.182 seconds (process running for 2.33)
2025-02-11 22:55:48 - Initializing Spring DispatcherServlet 'dispatcherServlet'
2025-02-11 22:55:48 - Initializing Servlet 'dispatcherServlet'
2025-02-11 22:55:48 - Completed initialization in 4 ms
2025-02-11 22:55:48 - Init duration for springdoc-openapi is: 124 ms
2025-02-11 22:56:13 - Received request: fileGuid=2bf3c816-41f3-43ce-8bda-4c9aa319b52a, targetDirectoryGuid=c1de5aff-5daa-4eae-bb82-91081820682f
2025-02-11 22:56:13 - Copy operation started. fileGuid: 2bf3c816-41f3-43ce-8bda-4c9aa319b52a, targetDirectoryGuid: c1de5aff-5daa-4eae-bb82-91081820682f
2025-02-11 22:56:13 - Target directory found: /Users/edakocaman/Downloads/FileStorageService/upload-dir/test10
2025-02-11 22:56:13 - Source file found: /Users/edakocaman/Downloads/FileStorageService/upload-dir/test12/test13
2025-02-11 22:56:13 - Source is not a valid file: /Users/edakocaman/Downloads/FileStorageService/upload-dir/test12/test13
2025-02-11 22:56:13 - Error: Source is not a valid file: /Users/edakocaman/Downloads/FileStorageService/upload-dir/test12/test13
2025-02-11 23:50:17 - Closing JPA EntityManagerFactory for persistence unit 'default'
2025-02-11 23:50:17 - HikariPool-1 - Shutdown initiated...
2025-02-11 23:50:17 - HikariPool-1 - Shutdown completed.
