2025-02-16 00:00:39 - HikariPool-1 - Thread starvation or clock leap detected (housekeeper delta=18m29s404ms).
2025-02-16 00:02:04 - HikariPool-1 - Thread starvation or clock leap detected (housekeeper delta=1m24s768ms).
2025-02-16 00:03:02 - Error creating user: Argument [CREATE_USER] of type [com.example.FileStorageService.enums.Roles] did not match parameter type [com.example.FileStorageService.model.Role (n/a)]
2025-02-16 00:04:08 - Closing JPA EntityManagerFactory for persistence unit 'default'
2025-02-16 00:04:08 - HikariPool-1 - Shutdown initiated...
2025-02-16 00:04:08 - HikariPool-1 - Shutdown completed.
2025-02-16 00:04:10 - HV000001: Hibernate Validator 8.0.1.Final
2025-02-16 00:04:10 - Starting FileStorageServiceApplication using Java 17.0.13 with PID 2893 (/Users/edakocaman/Downloads/FileStorageService/build/classes/java/main started by edakocaman in /Users/edakocaman/Downloads/FileStorageService)
2025-02-16 00:04:10 - Running with Spring Boot v3.2.2, Spring v6.1.3
2025-02-16 00:04:10 - No active profile set, falling back to 1 default profile: "default"
2025-02-16 00:04:11 - Bootstrapping Spring Data JPA repositories in DEFAULT mode.
2025-02-16 00:04:11 - Finished Spring Data repository scanning in 67 ms. Found 6 JPA repository interfaces.
2025-02-16 00:04:11 - Tomcat initialized with port 8080 (http)
2025-02-16 00:04:11 - Initializing ProtocolHandler ["http-nio-8080"]
2025-02-16 00:04:11 - Starting service [Tomcat]
2025-02-16 00:04:11 - Starting Servlet engine: [Apache Tomcat/10.1.18]
2025-02-16 00:04:11 - Initializing Spring embedded WebApplicationContext
2025-02-16 00:04:11 - Root WebApplicationContext: initialization completed in 609 ms
2025-02-16 00:04:11 - HHH000204: Processing PersistenceUnitInfo [name: default]
2025-02-16 00:04:11 - HHH000412: Hibernate ORM core version 6.4.1.Final
2025-02-16 00:04:11 - HHH000026: Second-level cache disabled
2025-02-16 00:04:11 - No LoadTimeWeaver setup: ignoring JPA class transformer
2025-02-16 00:04:11 - HikariPool-1 - Starting...
2025-02-16 00:04:11 - HikariPool-1 - Added connection org.postgresql.jdbc.PgConnection@789dd6bf
2025-02-16 00:04:11 - HikariPool-1 - Start completed.
2025-02-16 00:04:11 - HHH90000025: PostgreSQLDialect does not need to be specified explicitly using 'hibernate.dialect' (remove the property setting and it will be selected by default)
2025-02-16 00:04:12 - HHH000489: No JTA platform available (set 'hibernate.transaction.jta.platform' to enable JTA platform integration)
2025-02-16 00:04:12 - Initialized JPA EntityManagerFactory for persistence unit 'default'
2025-02-16 00:04:12 - FileUploadController loaded successfully.
2025-02-16 00:04:12 - spring.jpa.open-in-view is enabled by default. Therefore, database queries may be performed during view rendering. Explicitly configure spring.jpa.open-in-view to disable this warning
2025-02-16 00:04:13 - Starting ProtocolHandler ["http-nio-8080"]
2025-02-16 00:04:13 - Tomcat started on port 8080 (http) with context path ''
2025-02-16 00:04:13 - Started FileStorageServiceApplication in 2.353 seconds (process running for 2.497)
2025-02-16 00:04:13 - Initializing Spring DispatcherServlet 'dispatcherServlet'
2025-02-16 00:04:13 - Initializing Servlet 'dispatcherServlet'
2025-02-16 00:04:13 - Completed initialization in 0 ms
2025-02-16 00:04:13 - Error creating user: Argument [CREATE_USER] of type [com.example.FileStorageService.enums.Roles] did not match parameter type [com.example.FileStorageService.model.Role (n/a)]
2025-02-16 01:08:42 - HikariPool-1 - Thread starvation or clock leap detected (housekeeper delta=51m839ms).
2025-02-16 02:20:29 - HikariPool-1 - Thread starvation or clock leap detected (housekeeper delta=1h11m46s900ms).
2025-02-16 03:21:28 - HikariPool-1 - Thread starvation or clock leap detected (housekeeper delta=1h58s301ms).
2025-02-16 04:22:33 - HikariPool-1 - Thread starvation or clock leap detected (housekeeper delta=1h1m5s214ms).
2025-02-16 05:39:58 - HikariPool-1 - Thread starvation or clock leap detected (housekeeper delta=1h17m24s785ms).
2025-02-16 06:24:32 - HikariPool-1 - Thread starvation or clock leap detected (housekeeper delta=44m33s999ms).
2025-02-16 07:14:06 - HikariPool-1 - Thread starvation or clock leap detected (housekeeper delta=49m34s611ms).
2025-02-16 08:26:32 - HikariPool-1 - Thread starvation or clock leap detected (housekeeper delta=1h12m25s418ms).
2025-02-16 09:27:31 - HikariPool-1 - Thread starvation or clock leap detected (housekeeper delta=1h59s274ms).
2025-02-16 10:45:23 - HikariPool-1 - Thread starvation or clock leap detected (housekeeper delta=1h17m52s76ms).
2025-02-16 11:47:34 - HikariPool-1 - Thread starvation or clock leap detected (housekeeper delta=1h2m10s822ms).
2025-02-16 13:19:53 - HikariPool-1 - Thread starvation or clock leap detected (housekeeper delta=1h32m19s58ms).
2025-02-16 14:20:14 - HikariPool-1 - Thread starvation or clock leap detected (housekeeper delta=1h21s219ms).
2025-02-16 14:49:35 - HikariPool-1 - Thread starvation or clock leap detected (housekeeper delta=29m21s268ms).
2025-02-16 15:47:20 - HikariPool-1 - Thread starvation or clock leap detected (housekeeper delta=57m44s967ms).
2025-02-16 16:06:53 - HikariPool-1 - Thread starvation or clock leap detected (housekeeper delta=19m33s82ms).
2025-02-16 16:42:38 - HikariPool-1 - Thread starvation or clock leap detected (housekeeper delta=35m44s836ms).
2025-02-16 17:18:13 - HikariPool-1 - Thread starvation or clock leap detected (housekeeper delta=35m34s957ms).
2025-02-16 17:49:07 - HikariPool-1 - Thread starvation or clock leap detected (housekeeper delta=30m53s361ms).
2025-02-16 18:32:33 - HikariPool-1 - Thread starvation or clock leap detected (housekeeper delta=43m26s650ms).
2025-02-16 18:36:54 - HikariPool-1 - Thread starvation or clock leap detected (housekeeper delta=4m20s779ms).
2025-02-16 19:09:24 - HikariPool-1 - Thread starvation or clock leap detected (housekeeper delta=32m29s499ms).
2025-02-16 19:30:27 - HikariPool-1 - Thread starvation or clock leap detected (housekeeper delta=21m3s66ms).
2025-02-16 20:28:07 - HikariPool-1 - Thread starvation or clock leap detected (housekeeper delta=57m10s616ms).
2025-02-16 21:39:31 - HikariPool-1 - Thread starvation or clock leap detected (housekeeper delta=1h11m24s283ms).
2025-02-16 22:32:37 - HikariPool-1 - Thread starvation or clock leap detected (housekeeper delta=53m5s991ms).
2025-02-16 23:27:10 - HikariPool-1 - Thread starvation or clock leap detected (housekeeper delta=54m32s611ms).
2025-02-16 23:37:16 - Closing JPA EntityManagerFactory for persistence unit 'default'
2025-02-16 23:37:16 - HikariPool-1 - Shutdown initiated...
2025-02-16 23:37:16 - HikariPool-1 - Shutdown completed.
